This is pdfTeX, Version 3.14159265-2.6-1.40.16 (TeX Live 2015/Arch Linux) (preloaded format=pdflatex 2016.1.10)  27 MAY 2016 16:38
entering extended mode
 restricted \write18 enabled.
 %&-line parsing enabled.
**mobilePUFkeyboard.tex
(./mobilePUFkeyboard.tex
LaTeX2e <2015/10/01> patch level 2
Babel <3.9m> and hyphenation patterns for 79 languages loaded.
(./acm_proc_article-sp.cls (/usr/share/texmf-dist/tex/latex/graphics/epsfig.sty
Package: epsfig 1999/02/16 v1.7a (e)psfig emulation (SPQR)
(/usr/share/texmf-dist/tex/latex/graphics/graphicx.sty
Package: graphicx 2014/10/28 v1.0g Enhanced LaTeX Graphics (DPC,SPQR)

(/usr/share/texmf-dist/tex/latex/graphics/keyval.sty
Package: keyval 2014/10/28 v1.15 key=value parser (DPC)
\KV@toks@=\toks14
)
(/usr/share/texmf-dist/tex/latex/graphics/graphics.sty
Package: graphics 2014/10/28 v1.0p Standard LaTeX Graphics (DPC,SPQR)

(/usr/share/texmf-dist/tex/latex/graphics/trig.sty
Package: trig 1999/03/16 v1.09 sin cos tan (DPC)
)
(/usr/share/texmf-dist/tex/latex/latexconfig/graphics.cfg
File: graphics.cfg 2010/04/23 v1.9 graphics configuration of TeX Live
)
Package graphics Info: Driver file: pdftex.def on input line 94.

(/usr/share/texmf-dist/tex/latex/pdftex-def/pdftex.def
File: pdftex.def 2011/05/27 v0.06d Graphics/color for pdfTeX

(/usr/share/texmf-dist/tex/generic/oberdiek/infwarerr.sty
Package: infwarerr 2010/04/08 v1.3 Providing info/warning/error messages (HO)
)
(/usr/share/texmf-dist/tex/generic/oberdiek/ltxcmds.sty
Package: ltxcmds 2011/11/09 v1.22 LaTeX kernel commands for general use (HO)
)
\Gread@gobject=\count79
))
\Gin@req@height=\dimen102
\Gin@req@width=\dimen103
)
\epsfxsize=\dimen104
\epsfysize=\dimen105
)
(/usr/share/texmf-dist/tex/latex/amsfonts/amssymb.sty
Package: amssymb 2013/01/14 v3.01 AMS font symbols

(/usr/share/texmf-dist/tex/latex/amsfonts/amsfonts.sty
Package: amsfonts 2013/01/14 v3.01 Basic AMSFonts support
\@emptytoks=\toks15
\symAMSa=\mathgroup4
\symAMSb=\mathgroup5
LaTeX Font Info:    Overwriting math alphabet `\mathfrak' in version `bold'
(Font)                  U/euf/m/n --> U/euf/b/n on input line 106.
))
(/usr/share/texmf-dist/tex/latex/amsmath/amsmath.sty
Package: amsmath 2013/01/14 v2.14 AMS math features
\@mathmargin=\skip41

For additional information on amsmath, use the `?' option.
(/usr/share/texmf-dist/tex/latex/amsmath/amstext.sty
Package: amstext 2000/06/29 v2.01

(/usr/share/texmf-dist/tex/latex/amsmath/amsgen.sty
File: amsgen.sty 1999/11/30 v2.0
\@emptytoks=\toks16
\ex@=\dimen106
))
(/usr/share/texmf-dist/tex/latex/amsmath/amsbsy.sty
Package: amsbsy 1999/11/29 v1.2d
\pmbraise@=\dimen107
)
(/usr/share/texmf-dist/tex/latex/amsmath/amsopn.sty
Package: amsopn 1999/12/14 v2.01 operator names
)
\inf@bad=\count80
LaTeX Info: Redefining \frac on input line 210.
\uproot@=\count81
\leftroot@=\count82
LaTeX Info: Redefining \overline on input line 306.
\classnum@=\count83
\DOTSCASE@=\count84
LaTeX Info: Redefining \ldots on input line 378.
LaTeX Info: Redefining \dots on input line 381.
LaTeX Info: Redefining \cdots on input line 466.
\Mathstrutbox@=\box26
\strutbox@=\box27
\big@size=\dimen108
LaTeX Font Info:    Redeclaring font encoding OML on input line 566.
LaTeX Font Info:    Redeclaring font encoding OMS on input line 567.
\macc@depth=\count85
\c@MaxMatrixCols=\count86
\dotsspace@=\muskip10
\c@parentequation=\count87
\dspbrk@lvl=\count88
\tag@help=\toks17
\row@=\count89
\column@=\count90
\maxfields@=\count91
\andhelp@=\toks18
\eqnshift@=\dimen109
\alignsep@=\dimen110
\tagshift@=\dimen111
\tagwidth@=\dimen112
\totwidth@=\dimen113
\lineht@=\dimen114
\@envbody=\toks19
\multlinegap=\skip42
\multlinetaggap=\skip43
\mathdisplay@stack=\toks20
LaTeX Info: Redefining \[ on input line 2665.
LaTeX Info: Redefining \] on input line 2666.
)
Document Class 'acm_proc_article-sp' <22nd. April '09>. Modified by G.K.M. Tobi
n
Based in part upon document Style `acmconf' <22 May 89>. Hacked 4/91 by
shivers@cs.cmu.edu, 4/93 by theobald@cs.mcgill.ca
Excerpts were taken from (Journal Style) 'esub2acm.cls'.
****** Bugs/comments/suggestions to Gerry Murray -- murray@hq.acm.org ******
\footheight=\dimen115
\@maxsep=\dimen116
\@dblmaxsep=\dimen117
\aucount=\count92
\originalaucount=\count93
\auwidth=\dimen118
\auskip=\dimen119
\auskipcount=\count94
\auskip=\dimen120
\allauboxes=\dimen121
\addauthors=\toks21
\addauflag=\count95
\subtitletext=\toks22
\savesection=\count96
\sectioncntr=\count97
\c@figure=\count98
\c@table=\count99
\titleboxnotes=\toks23
\titleboxnoteflag=\count100
Document Class: acm_proc_article-sp 2009/04/22 - V3.2SP - based on esub2acm.sty
 <23 April 96>
(/usr/share/texmf-dist/tex/latex/base/latexsym.sty
Package: latexsym 1998/08/17 v2.2e Standard LaTeX package (lasy symbols)
\symlasy=\mathgroup6
LaTeX Font Info:    Overwriting symbol font `lasy' in version `bold'
(Font)                  U/lasy/m/n --> U/lasy/b/n on input line 52.
)
\@acmtitlebox=\box28
\titlenotecount=\count101
\tntoks=\toks24
\tntokstwo=\toks25
\tntoksthree=\toks26
\tntoksfour=\toks27
\tntoksfive=\toks28
\catcount=\count102
\copyrightnotice=\toks29
\conf=\toks30
\confinfo=\toks31
\c@part=\count103
\c@section=\count104
\c@subsection=\count105
\c@subsubsection=\count106
\c@paragraph=\count107

Using 'Abbrev' bibliography style
LaTeX Info: Redefining \cite on input line 1236.
\bibindent=\dimen122
\colcntr=\count108
\saveb@x=\box29
\copyrtyr=\toks32
\acmcopyr=\toks33
\boilerplate=\toks34
\copyrightetc=\toks35
(/usr/share/texmf-dist/tex/latex/base/fontenc.sty
Package: fontenc 2005/09/27 v1.99g Standard LaTeX package

(/usr/share/texmf-dist/tex/latex/base/t1enc.def
File: t1enc.def 2005/09/27 v1.99g Standard LaTeX file
LaTeX Font Info:    Redeclaring font encoding T1 on input line 48.
)
LaTeX Font Info:    Try loading font information for T1+aer on input line 105.

(/usr/share/texmf-dist/tex/latex/ae/t1aer.fd
File: t1aer.fd 1997/11/16 Font definitions for T1/aer.
))) (./mobilePUFkeyboard.aux)
\openout1 = `mobilePUFkeyboard.aux'.

LaTeX Font Info:    Checking defaults for OML/cmm/m/it on input line 118.
LaTeX Font Info:    ... okay on input line 118.
LaTeX Font Info:    Checking defaults for T1/cmr/m/n on input line 118.
LaTeX Font Info:    ... okay on input line 118.
LaTeX Font Info:    Checking defaults for OT1/cmr/m/n on input line 118.
LaTeX Font Info:    ... okay on input line 118.
LaTeX Font Info:    Checking defaults for OMS/cmsy/m/n on input line 118.
LaTeX Font Info:    ... okay on input line 118.
LaTeX Font Info:    Checking defaults for OMX/cmex/m/n on input line 118.
LaTeX Font Info:    ... okay on input line 118.
LaTeX Font Info:    Checking defaults for U/cmr/m/n on input line 118.
LaTeX Font Info:    ... okay on input line 118.

(/usr/share/texmf-dist/tex/context/base/supp-pdf.mkii
[Loading MPS to PDF converter (version 2006.09.02).]
\scratchcounter=\count109
\scratchdimen=\dimen123
\scratchbox=\box30
\nofMPsegments=\count110
\nofMParguments=\count111
\everyMPshowfont=\toks36
\MPscratchCnt=\count112
\MPscratchDim=\dimen124
\MPnumerator=\count113
\makeMPintoPDFobject=\count114
\everyMPtoPDFconversion=\toks37
) (/usr/share/texmf-dist/tex/generic/oberdiek/pdftexcmds.sty
Package: pdftexcmds 2011/11/29 v0.20 Utility functions of pdfTeX for LuaTeX (HO
)

(/usr/share/texmf-dist/tex/generic/oberdiek/ifluatex.sty
Package: ifluatex 2010/03/01 v1.3 Provides the ifluatex switch (HO)
Package ifluatex Info: LuaTeX not detected.
)
(/usr/share/texmf-dist/tex/generic/oberdiek/ifpdf.sty
Package: ifpdf 2011/01/30 v2.3 Provides the ifpdf switch (HO)
Package ifpdf Info: pdfTeX in PDF mode is detected.
)
Package pdftexcmds Info: LuaTeX not detected.
Package pdftexcmds Info: \pdf@primitive is available.
Package pdftexcmds Info: \pdf@ifprimitive is available.
Package pdftexcmds Info: \pdfdraftmode found.
)
(/usr/share/texmf-dist/tex/latex/oberdiek/epstopdf-base.sty
Package: epstopdf-base 2010/02/09 v2.5 Base part for package epstopdf

(/usr/share/texmf-dist/tex/latex/oberdiek/grfext.sty
Package: grfext 2010/08/19 v1.1 Manage graphics extensions (HO)

(/usr/share/texmf-dist/tex/generic/oberdiek/kvdefinekeys.sty
Package: kvdefinekeys 2011/04/07 v1.3 Define keys (HO)
))
(/usr/share/texmf-dist/tex/latex/oberdiek/kvoptions.sty
Package: kvoptions 2011/06/30 v3.11 Key value format for package options (HO)

(/usr/share/texmf-dist/tex/generic/oberdiek/kvsetkeys.sty
Package: kvsetkeys 2012/04/25 v1.16 Key value parser (HO)

(/usr/share/texmf-dist/tex/generic/oberdiek/etexcmds.sty
Package: etexcmds 2011/02/16 v1.5 Avoid name clashes with e-TeX commands (HO)
Package etexcmds Info: Could not find \expanded.
(etexcmds)             That can mean that you are not using pdfTeX 1.50 or
(etexcmds)             that some package has redefined \expanded.
(etexcmds)             In the latter case, load this package earlier.
)))
Package grfext Info: Graphics extension search list:
(grfext)             [.png,.pdf,.jpg,.mps,.jpeg,.jbig2,.jb2,.PNG,.PDF,.JPG,.JPE
G,.JBIG2,.JB2,.eps]
(grfext)             \AppendGraphicsExtensions on input line 452.

(/usr/share/texmf-dist/tex/latex/latexconfig/epstopdf-sys.cfg
File: epstopdf-sys.cfg 2010/07/13 v1.3 Configuration of (r)epstopdf for TeX Liv
e
))
LaTeX Font Info:    Try loading font information for U+msa on input line 120.

(/usr/share/texmf-dist/tex/latex/amsfonts/umsa.fd
File: umsa.fd 2013/01/14 v3.01 AMS symbols A
)
LaTeX Font Info:    Try loading font information for U+msb on input line 120.

(/usr/share/texmf-dist/tex/latex/amsfonts/umsb.fd
File: umsb.fd 2013/01/14 v3.01 AMS symbols B
)
LaTeX Font Info:    Try loading font information for U+lasy on input line 120.

(/usr/share/texmf-dist/tex/latex/base/ulasy.fd
File: ulasy.fd 1998/08/17 v2.2e LaTeX symbol font definitions
)
Underfull \vbox (badness 10000) has occurred while \output is active []

 [1{/var/lib/texmf/fonts/map/pdftex/updmap/pdftex.map}


]
LaTeX Font Info:    Try loading font information for T1+aett on input line 214.


(/usr/share/texmf-dist/tex/latex/ae/t1aett.fd
File: t1aett.fd 1997/11/16 Font definitions for T1/aett.
)
Overfull \hbox (13.84962pt too wide) in paragraph at lines 212--222
\T1/aer/m/n/9 android/view/MotionEvent.html). The \T1/aett/m/n/9 get-Pres-sure(
) \T1/aer/m/n/9 method
 []


Underfull \vbox (badness 10000) has occurred while \output is active []


<figures/pdf/token_creation.pdf, id=10, 506.89375pt x 220.825pt>
File: figures/pdf/token_creation.pdf Graphic file (type pdf)

<use figures/pdf/token_creation.pdf>
Package pdftex.def Info: figures/pdf/token_creation.pdf used on input line 334.

(pdftex.def)             Requested size: 226.79846pt x 98.80087pt.
 [2 <./figures/pdf/token_creation.pdf>]
<figures/pdf/Rplots.pdf, id=24, page=2, 505.89pt x 505.89pt>
File: figures/pdf/Rplots.pdf Graphic file (type pdf)

<use figures/pdf/Rplots.pdf, page 2>
Package pdftex.def Info: figures/pdf/Rplots.pdf, page2 used on input line 378.
(pdftex.def)             Requested size: 226.79846pt x 226.79927pt.

<figures/pdf/Rplots.pdf, id=25, page=4, 505.89pt x 505.89pt>
File: figures/pdf/Rplots.pdf Graphic file (type pdf)

<use figures/pdf/Rplots.pdf, page 4>
Package pdftex.def Info: figures/pdf/Rplots.pdf, page4 used on input line 390.
(pdftex.def)             Requested size: 226.79846pt x 226.79927pt.

<figures/pdf/phone_tokens.pdf, id=26, 794.97pt x 614.295pt>
File: figures/pdf/phone_tokens.pdf Graphic file (type pdf)

<use figures/pdf/phone_tokens.pdf>
Package pdftex.def Info: figures/pdf/phone_tokens.pdf used on input line 474.
(pdftex.def)             Requested size: 226.79846pt x 175.25398pt.

Underfull \vbox (badness 10000) has occurred while \output is active []

 [3 <./figures/pdf/Rplots.pdf> <./figures/pdf/Rplots.pdf>]
<figures/pdf/marcov_model_building.pdf, id=37, 770.88pt x 326.21875pt>
File: figures/pdf/marcov_model_building.pdf Graphic file (type pdf)

<use figures/pdf/marcov_model_building.pdf>
Package pdftex.def Info: figures/pdf/marcov_model_building.pdf used on input li
ne 540.
(pdftex.def)             Requested size: 226.79846pt x 95.97485pt.

<figures/pdf/final_marcov_model_state.pdf, id=38, 774.895pt x 352.31625pt>
File: figures/pdf/final_marcov_model_state.pdf Graphic file (type pdf)

<use figures/pdf/final_marcov_model_state.pdf>
Package pdftex.def Info: figures/pdf/final_marcov_model_state.pdf used on input
 line 582.
(pdftex.def)             Requested size: 226.79846pt x 103.11525pt.

Underfull \vbox (badness 4303) has occurred while \output is active []

 [4 <./figures/pdf/phone_tokens.pdf

pdfTeX warning: pdflatex (file ./figures/pdf/phone_tokens.pdf): PDF inclusion: 
invalid other resource which is no dict (key 'ProcSets', type <array>); ignored
.
> <./figures/pdf/marcov_model_building.pdf> <./figures/pdf/final_marcov_model_s
tate.pdf>]
Overfull \hbox (1.28062pt too wide) in paragraph at lines 651--651
[]\secfnt USER-DEVICE PAIR DIS-CRIM-I-NA-TION 
 []


<figures/pdf/false_positive_vs_authentication_threshold.pdf, id=62, 794.97pt x 
614.295pt>
File: figures/pdf/false_positive_vs_authentication_threshold.pdf Graphic file (
type pdf)
 <use figures/pdf/false_positive_vs_authentication_threshold.pdf>
Package pdftex.def Info: figures/pdf/false_positive_vs_authentication_threshold
.pdf used on input line 659.
(pdftex.def)             Requested size: 226.79846pt x 175.25398pt.

Overfull \hbox (2.45642pt too wide) in paragraph at lines 687--700
\T1/aer/m/n/9 pro-file can be given by $\OT1/cmr/m/n/9 1 \OMS/cmsy/m/n/9 ^^@ \O
ML/cmm/m/it/9 avgDistance\OT1/cmr/m/n/9 (\OML/cmm/m/it/9 TrainingProfile n \OMS
/cmsy/m/n/9 ^^@
 []


Underfull \vbox (badness 1533) has occurred while \output is active []



pdfTeX warning: pdflatex (file ./figures/pdf/window_size_vs_authentication_accu
racy.pdf): PDF inclusion: found PDF version <1.7>, but at most version <1.5> al
lowed

<figures/pdf/window_size_vs_authentication_accuracy.pdf, id=63, 794.97pt x 614.
295pt>
File: figures/pdf/window_size_vs_authentication_accuracy.pdf Graphic file (type
 pdf)
 <use figures/pdf/window_size_vs_authentication_accuracy.pdf>
Package pdftex.def Info: figures/pdf/window_size_vs_authentication_accuracy.pdf
 used on input line 728.
(pdftex.def)             Requested size: 226.79846pt x 175.25398pt.

Underfull \vbox (badness 10000) has occurred while \output is active []

 [5 <./figures/pdf/false_positive_vs_authentication_threshold.pdf> <./figures/p
df/window_size_vs_authentication_accuracy.pdf>]

pdfTeX warning: pdflatex (file ./figures/pdf/authentication_accuracy_vs_touchsc
reen_interactions.pdf): PDF inclusion: found PDF version <1.7>, but at most ver
sion <1.5> allowed

<figures/pdf/authentication_accuracy_vs_touchscreen_interactions.pdf, id=77, 43
3.62pt x 216.81pt>
File: figures/pdf/authentication_accuracy_vs_touchscreen_interactions.pdf Graph
ic file (type pdf)

<use figures/pdf/authentication_accuracy_vs_touchscreen_interactions.pdf>
Package pdftex.def Info: figures/pdf/authentication_accuracy_vs_touchscreen_int
eractions.pdf used on input line 846.
(pdftex.def)             Requested size: 226.79846pt x 113.40018pt.

<figures/pdf/authentication_accuracy_vs_total_interactions.pdf, id=78, 1228.59p
t x 794.97pt>
File: figures/pdf/authentication_accuracy_vs_total_interactions.pdf Graphic fil
e (type pdf)

<use figures/pdf/authentication_accuracy_vs_total_interactions.pdf>
Package pdftex.def Info: figures/pdf/authentication_accuracy_vs_total_interacti
ons.pdf used on input line 893.
(pdftex.def)             Requested size: 226.79846pt x 146.75175pt.

Underfull \vbox (badness 10000) has occurred while \output is active []

 [6 <./figures/pdf/authentication_accuracy_vs_touchscreen_interactions.pdf>]
<figures/pdf/nexus_7_runtimes.pdf, id=87, 794.97pt x 614.295pt>
File: figures/pdf/nexus_7_runtimes.pdf Graphic file (type pdf)

<use figures/pdf/nexus_7_runtimes.pdf>
Package pdftex.def Info: figures/pdf/nexus_7_runtimes.pdf used on input line 95
2.
(pdftex.def)             Requested size: 226.79846pt x 175.25398pt.


LaTeX Warning: Reference `fig:nexus_speed_test' on page \thepage  undefined on 
input line 991.


Underfull \vbox (badness 10000) has occurred while \output is active []

 [7 <./figures/pdf/authentication_accuracy_vs_total_interactions.pdf> <./figure
s/pdf/nexus_7_runtimes.pdf>] (./mobilePUFkeyboard.bbl
Overfull \hbox (21.45428pt too wide) in paragraph at lines 11--16
\T1/aer/m/n/9 http://www.consumerreports.org/cro/news/2014/04/smart- 
 []

) [8] (./mobilePUFkeyboard.aux)

LaTeX Warning: There were undefined references.

 ) 
Here is how much of TeX's memory you used:
 2898 strings out of 493054
 37915 string characters out of 6140586
 105875 words of memory out of 5000000
 6335 multiletter control sequences out of 15000+600000
 53821 words of font info for 70 fonts, out of 8000000 for 9000
 1141 hyphenation exceptions out of 8191
 41i,10n,28p,581b,254s stack positions out of 5000i,500n,10000p,200000b,80000s
{/usr/share/texmf-dist/fonts/enc/dvips/base/8r.enc}</usr/share/texmf-dist/fon
ts/type1/public/amsfonts/cm/cmbx9.pfb></usr/share/texmf-dist/fonts/type1/public
/amsfonts/cmextra/cmex9.pfb></usr/share/texmf-dist/fonts/type1/public/amsfonts/
cm/cmmi5.pfb></usr/share/texmf-dist/fonts/type1/public/amsfonts/cm/cmmi6.pfb></
usr/share/texmf-dist/fonts/type1/public/amsfonts/cm/cmmi9.pfb></usr/share/texmf
-dist/fonts/type1/public/amsfonts/cm/cmr5.pfb></usr/share/texmf-dist/fonts/type
1/public/amsfonts/cm/cmr6.pfb></usr/share/texmf-dist/fonts/type1/public/amsfont
s/cm/cmr9.pfb></usr/share/texmf-dist/fonts/type1/public/amsfonts/cm/cmsy5.pfb><
/usr/share/texmf-dist/fonts/type1/public/amsfonts/cm/cmsy6.pfb></usr/share/texm
f-dist/fonts/type1/public/amsfonts/cm/cmsy9.pfb></usr/share/texmf-dist/fonts/ty
pe1/public/amsfonts/cm/cmti9.pfb></usr/share/texmf-dist/fonts/type1/public/amsf
onts/cm/cmtt9.pfb></usr/share/texmf-dist/fonts/type1/urw/helvetic/uhvb8a.pfb></
usr/share/texmf-dist/fonts/type1/urw/helvetic/uhvr8a.pfb></usr/share/texmf-dist
/fonts/type1/urw/times/utmb8a.pfb>
Output written on mobilePUFkeyboard.pdf (8 pages, 604901 bytes).
PDF statistics:
 154 PDF objects out of 1000 (max. 8388607)
 103 compressed objects within 2 object streams
 0 named destinations out of 1000 (max. 500000)
 56 words of extra memory for PDF output out of 10000 (max. 10000000)

