This is pdfTeX, Version 3.14159265-2.6-1.40.15 (TeX Live 2014/Arch Linux) (preloaded format=pdflatex 2015.6.17)  11 AUG 2015 07:43
entering extended mode
 restricted \write18 enabled.
 %&-line parsing enabled.
**mobilePUFkeyboard.tex
(./mobilePUFkeyboard.tex
LaTeX2e <2014/05/01>
Babel <3.9l> and hyphenation patterns for 79 languages loaded.
(./acm_proc_article-sp.cls (/usr/share/texmf-dist/tex/latex/graphics/epsfig.sty
Package: epsfig 1999/02/16 v1.7a (e)psfig emulation (SPQR)
(/usr/share/texmf-dist/tex/latex/graphics/graphicx.sty
Package: graphicx 2014/10/28 v1.0g Enhanced LaTeX Graphics (DPC,SPQR)

(/usr/share/texmf-dist/tex/latex/graphics/keyval.sty
Package: keyval 2014/10/28 v1.15 key=value parser (DPC)
\KV@toks@=\toks14
)
(/usr/share/texmf-dist/tex/latex/graphics/graphics.sty
Package: graphics 2014/10/28 v1.0p Standard LaTeX Graphics (DPC,SPQR)

(/usr/share/texmf-dist/tex/latex/graphics/trig.sty
Package: trig 1999/03/16 v1.09 sin cos tan (DPC)
)
(/usr/share/texmf-dist/tex/latex/latexconfig/graphics.cfg
File: graphics.cfg 2010/04/23 v1.9 graphics configuration of TeX Live
)
Package graphics Info: Driver file: pdftex.def on input line 91.

(/usr/share/texmf-dist/tex/latex/pdftex-def/pdftex.def
File: pdftex.def 2011/05/27 v0.06d Graphics/color for pdfTeX

(/usr/share/texmf-dist/tex/generic/oberdiek/infwarerr.sty
Package: infwarerr 2010/04/08 v1.3 Providing info/warning/error messages (HO)
)
(/usr/share/texmf-dist/tex/generic/oberdiek/ltxcmds.sty
Package: ltxcmds 2011/11/09 v1.22 LaTeX kernel commands for general use (HO)
)
\Gread@gobject=\count79
))
\Gin@req@height=\dimen102
\Gin@req@width=\dimen103
)
\epsfxsize=\dimen104
\epsfysize=\dimen105
)
(/usr/share/texmf-dist/tex/latex/amsfonts/amssymb.sty
Package: amssymb 2013/01/14 v3.01 AMS font symbols

(/usr/share/texmf-dist/tex/latex/amsfonts/amsfonts.sty
Package: amsfonts 2013/01/14 v3.01 Basic AMSFonts support
\@emptytoks=\toks15
\symAMSa=\mathgroup4
\symAMSb=\mathgroup5
LaTeX Font Info:    Overwriting math alphabet `\mathfrak' in version `bold'
(Font)                  U/euf/m/n --> U/euf/b/n on input line 106.
))
(/usr/share/texmf-dist/tex/latex/amsmath/amsmath.sty
Package: amsmath 2013/01/14 v2.14 AMS math features
\@mathmargin=\skip41

For additional information on amsmath, use the `?' option.
(/usr/share/texmf-dist/tex/latex/amsmath/amstext.sty
Package: amstext 2000/06/29 v2.01

(/usr/share/texmf-dist/tex/latex/amsmath/amsgen.sty
File: amsgen.sty 1999/11/30 v2.0
\@emptytoks=\toks16
\ex@=\dimen106
))
(/usr/share/texmf-dist/tex/latex/amsmath/amsbsy.sty
Package: amsbsy 1999/11/29 v1.2d
\pmbraise@=\dimen107
)
(/usr/share/texmf-dist/tex/latex/amsmath/amsopn.sty
Package: amsopn 1999/12/14 v2.01 operator names
)
\inf@bad=\count80
LaTeX Info: Redefining \frac on input line 210.
\uproot@=\count81
\leftroot@=\count82
LaTeX Info: Redefining \overline on input line 306.
\classnum@=\count83
\DOTSCASE@=\count84
LaTeX Info: Redefining \ldots on input line 378.
LaTeX Info: Redefining \dots on input line 381.
LaTeX Info: Redefining \cdots on input line 466.
\Mathstrutbox@=\box26
\strutbox@=\box27
\big@size=\dimen108
LaTeX Font Info:    Redeclaring font encoding OML on input line 566.
LaTeX Font Info:    Redeclaring font encoding OMS on input line 567.
\macc@depth=\count85
\c@MaxMatrixCols=\count86
\dotsspace@=\muskip10
\c@parentequation=\count87
\dspbrk@lvl=\count88
\tag@help=\toks17
\row@=\count89
\column@=\count90
\maxfields@=\count91
\andhelp@=\toks18
\eqnshift@=\dimen109
\alignsep@=\dimen110
\tagshift@=\dimen111
\tagwidth@=\dimen112
\totwidth@=\dimen113
\lineht@=\dimen114
\@envbody=\toks19
\multlinegap=\skip42
\multlinetaggap=\skip43
\mathdisplay@stack=\toks20
LaTeX Info: Redefining \[ on input line 2665.
LaTeX Info: Redefining \] on input line 2666.
)
Document Class 'acm_proc_article-sp' <22nd. April '09>. Modified by G.K.M. Tobi
n
Based in part upon document Style `acmconf' <22 May 89>. Hacked 4/91 by
shivers@cs.cmu.edu, 4/93 by theobald@cs.mcgill.ca
Excerpts were taken from (Journal Style) 'esub2acm.cls'.
****** Bugs/comments/suggestions to Gerry Murray -- murray@hq.acm.org ******
\footheight=\dimen115
\@maxsep=\dimen116
\@dblmaxsep=\dimen117
\aucount=\count92
\originalaucount=\count93
\auwidth=\dimen118
\auskip=\dimen119
\auskipcount=\count94
\auskip=\dimen120
\allauboxes=\dimen121
\addauthors=\toks21
\addauflag=\count95
\subtitletext=\toks22
\savesection=\count96
\sectioncntr=\count97
\c@figure=\count98
\c@table=\count99
\titleboxnotes=\toks23
\titleboxnoteflag=\count100
Document Class: acm_proc_article-sp 2009/04/22 - V3.2SP - based on esub2acm.sty
 <23 April 96>
(/usr/share/texmf-dist/tex/latex/base/latexsym.sty
Package: latexsym 1998/08/17 v2.2e Standard LaTeX package (lasy symbols)
\symlasy=\mathgroup6
LaTeX Font Info:    Overwriting symbol font `lasy' in version `bold'
(Font)                  U/lasy/m/n --> U/lasy/b/n on input line 47.
)
\@acmtitlebox=\box28
\titlenotecount=\count101
\tntoks=\toks24
\tntokstwo=\toks25
\tntoksthree=\toks26
\tntoksfour=\toks27
\tntoksfive=\toks28
\catcount=\count102
\copyrightnotice=\toks29
\conf=\toks30
\confinfo=\toks31
\c@part=\count103
\c@section=\count104
\c@subsection=\count105
\c@subsubsection=\count106
\c@paragraph=\count107

Using 'Abbrev' bibliography style
LaTeX Info: Redefining \cite on input line 1236.
\bibindent=\dimen122
\colcntr=\count108
\saveb@x=\box29
\copyrtyr=\toks32
\acmcopyr=\toks33
\boilerplate=\toks34
\copyrightetc=\toks35
(/usr/share/texmf-dist/tex/latex/base/fontenc.sty
Package: fontenc 2005/09/27 v1.99g Standard LaTeX package

(/usr/share/texmf-dist/tex/latex/base/t1enc.def
File: t1enc.def 2005/09/27 v1.99g Standard LaTeX file
LaTeX Font Info:    Redeclaring font encoding T1 on input line 43.
)
LaTeX Font Info:    Try loading font information for T1+aer on input line 100.

(/usr/share/texmf-dist/tex/latex/ae/t1aer.fd
File: t1aer.fd 1997/11/16 Font definitions for T1/aer.
))) (./mobilePUFkeyboard.aux)
\openout1 = `mobilePUFkeyboard.aux'.

LaTeX Font Info:    Checking defaults for OML/cmm/m/it on input line 31.
LaTeX Font Info:    ... okay on input line 31.
LaTeX Font Info:    Checking defaults for T1/cmr/m/n on input line 31.
LaTeX Font Info:    ... okay on input line 31.
LaTeX Font Info:    Checking defaults for OT1/cmr/m/n on input line 31.
LaTeX Font Info:    ... okay on input line 31.
LaTeX Font Info:    Checking defaults for OMS/cmsy/m/n on input line 31.
LaTeX Font Info:    ... okay on input line 31.
LaTeX Font Info:    Checking defaults for OMX/cmex/m/n on input line 31.
LaTeX Font Info:    ... okay on input line 31.
LaTeX Font Info:    Checking defaults for U/cmr/m/n on input line 31.
LaTeX Font Info:    ... okay on input line 31.

(/usr/share/texmf-dist/tex/context/base/supp-pdf.mkii
[Loading MPS to PDF converter (version 2006.09.02).]
\scratchcounter=\count109
\scratchdimen=\dimen123
\scratchbox=\box30
\nofMPsegments=\count110
\nofMParguments=\count111
\everyMPshowfont=\toks36
\MPscratchCnt=\count112
\MPscratchDim=\dimen124
\MPnumerator=\count113
\makeMPintoPDFobject=\count114
\everyMPtoPDFconversion=\toks37
) (/usr/share/texmf-dist/tex/generic/oberdiek/pdftexcmds.sty
Package: pdftexcmds 2011/11/29 v0.20 Utility functions of pdfTeX for LuaTeX (HO
)

(/usr/share/texmf-dist/tex/generic/oberdiek/ifluatex.sty
Package: ifluatex 2010/03/01 v1.3 Provides the ifluatex switch (HO)
Package ifluatex Info: LuaTeX not detected.
)
(/usr/share/texmf-dist/tex/generic/oberdiek/ifpdf.sty
Package: ifpdf 2011/01/30 v2.3 Provides the ifpdf switch (HO)
Package ifpdf Info: pdfTeX in PDF mode is detected.
)
Package pdftexcmds Info: LuaTeX not detected.
Package pdftexcmds Info: \pdf@primitive is available.
Package pdftexcmds Info: \pdf@ifprimitive is available.
Package pdftexcmds Info: \pdfdraftmode found.
)
(/usr/share/texmf-dist/tex/latex/oberdiek/epstopdf-base.sty
Package: epstopdf-base 2010/02/09 v2.5 Base part for package epstopdf

(/usr/share/texmf-dist/tex/latex/oberdiek/grfext.sty
Package: grfext 2010/08/19 v1.1 Manage graphics extensions (HO)

(/usr/share/texmf-dist/tex/generic/oberdiek/kvdefinekeys.sty
Package: kvdefinekeys 2011/04/07 v1.3 Define keys (HO)
))
(/usr/share/texmf-dist/tex/latex/oberdiek/kvoptions.sty
Package: kvoptions 2011/06/30 v3.11 Key value format for package options (HO)

(/usr/share/texmf-dist/tex/generic/oberdiek/kvsetkeys.sty
Package: kvsetkeys 2012/04/25 v1.16 Key value parser (HO)

(/usr/share/texmf-dist/tex/generic/oberdiek/etexcmds.sty
Package: etexcmds 2011/02/16 v1.5 Avoid name clashes with e-TeX commands (HO)
Package etexcmds Info: Could not find \expanded.
(etexcmds)             That can mean that you are not using pdfTeX 1.50 or
(etexcmds)             that some package has redefined \expanded.
(etexcmds)             In the latter case, load this package earlier.
)))
Package grfext Info: Graphics extension search list:
(grfext)             [.png,.pdf,.jpg,.mps,.jpeg,.jbig2,.jb2,.PNG,.PDF,.JPG,.JPE
G,.JBIG2,.JB2,.eps]
(grfext)             \AppendGraphicsExtensions on input line 452.

(/usr/share/texmf-dist/tex/latex/latexconfig/epstopdf-sys.cfg
File: epstopdf-sys.cfg 2010/07/13 v1.3 Configuration of (r)epstopdf for TeX Liv
e
))
LaTeX Font Info:    Try loading font information for U+msa on input line 97.

(/usr/share/texmf-dist/tex/latex/amsfonts/umsa.fd
File: umsa.fd 2013/01/14 v3.01 AMS symbols A
)
LaTeX Font Info:    Try loading font information for U+msb on input line 97.

(/usr/share/texmf-dist/tex/latex/amsfonts/umsb.fd
File: umsb.fd 2013/01/14 v3.01 AMS symbols B
)
LaTeX Font Info:    Try loading font information for U+lasy on input line 97.

(/usr/share/texmf-dist/tex/latex/base/ulasy.fd
File: ulasy.fd 1998/08/17 v2.2e LaTeX symbol font definitions
)
Overfull \hbox (2.52652pt too wide) in paragraph at lines 97--97
 []\eaddfnt deetimothy33@gmail.com| 
 []


LaTeX Warning: Citation `ScheelTyagi15' on page \thepage  undefined on input li
ne 141.


Underfull \vbox (badness 10000) has occurred while \output is active []

 [1{/var/lib/texmf/fonts/map/pdftex/updmap/pdftex.map}


]

LaTeX Warning: Citation `?' on page \thepage  undefined on input line 191.


LaTeX Warning: Citation `?' on page \thepage  undefined on input line 191.


Overfull \hbox (2.25705pt too wide) in paragraph at lines 195--196
[]\T1/aer/m/n/9 Another note-able as-pect of the SenSec sys-tem is their method

 []


LaTeX Warning: Citation `?' on page \thepage  undefined on input line 210.


LaTeX Warning: Reference `?' on page \thepage  undefined on input line 212.


Overfull \hbox (4.38132pt too wide) in paragraph at lines 210--213
\T1/aer/m/n/9 Many mo-bile de-vices to-day are equiped with ca-pac-i-tive touch
-
 []


LaTeX Warning: Citation `?' on page \thepage  undefined on input line 216.


LaTeX Warning: Citation `manufacturing_differences' on page \thepage  undefined
 on input line 221.


LaTeX Warning: Citation `user_touchscreen_interations' on page \thepage  undefi
ned on input line 221.


LaTeX Warning: Reference `' on page \thepage  undefined on input line 225.

[2]

LaTeX Warning: Citation `marcov_chains_previous_n_values' on page \thepage  und
efined on input line 254.

<figures/token_creation.png, id=15, 594.22pt x 222.8325pt>
File: figures/token_creation.png Graphic file (type png)

<use figures/token_creation.png>
Package pdftex.def Info: figures/token_creation.png used on input line 259.
(pdftex.def)             Requested size: 281.85255pt x 105.69693pt.

Overfull \hbox (41.85255pt too wide) in paragraph at lines 259--260
 [][] 
 []


LaTeX Warning: Reference `statistically_xx_percent' on page \thepage  undefined
 on input line 272.

<figures/normal_distribution.png, id=17, 602.25pt x 372.39125pt>
File: figures/normal_distribution.png Graphic file (type png)

<use figures/normal_distribution.png>
Package pdftex.def Info: figures/normal_distribution.png used on input line 278
.
(pdftex.def)             Requested size: 281.85255pt x 174.28522pt.

Overfull \hbox (41.85255pt too wide) in paragraph at lines 278--279
 [][] 
 []

<figures/marcov_model_building.png, id=18, 764.8575pt x 328.22626pt>
File: figures/marcov_model_building.png Graphic file (type png)

<use figures/marcov_model_building.png>
Package pdftex.def Info: figures/marcov_model_building.png used on input line 2
95.
(pdftex.def)             Requested size: 281.85255pt x 120.95099pt.

Underfull \vbox (badness 10000) has occurred while \output is active []


<figures/final_marcov_model_state.png, id=19, 774.895pt x 354.32375pt>
File: figures/final_marcov_model_state.png Graphic file (type png)

<use figures/final_marcov_model_state.png>
Package pdftex.def Info: figures/final_marcov_model_state.png used on input lin
e 315.
(pdftex.def)             Requested size: 281.85255pt x 128.88104pt.

Underfull \vbox (badness 10000) has occurred while \output is active []

 [3 <./figures/token_creation.png> <./figures/normal_distribution.png>] [4 <./f
igures/marcov_model_building.png> <./figures/final_marcov_model_state.png>]

LaTeX Warning: Reference `something with mle formulas' on page \thepage  undefi
ned on input line 344.


Overfull \hbox (15.5365pt too wide) in paragraph at lines 349--349
[]\secfnt DIFFERENTIATING USER-DEVICE PAIRS 
 []

<figures/threshold_vs_percentages.png, id=31, 602.25pt x 372.39125pt>
File: figures/threshold_vs_percentages.png Graphic file (type png)

<use figures/threshold_vs_percentages.png>
Package pdftex.def Info: figures/threshold_vs_percentages.png used on input lin
e 358.
(pdftex.def)             Requested size: 281.85255pt x 174.28522pt.

Overfull \hbox (41.85255pt too wide) in paragraph at lines 358--359
 [][] 
 []


Underfull \vbox (badness 2460) has occurred while \output is active []

 [5 <./figures/threshold_vs_percentages.png>]
<figures/authentication_accuracy_vs_model_size.png, id=36, 602.25pt x 372.39125
pt>
File: figures/authentication_accuracy_vs_model_size.png Graphic file (type png)

 <use figures/authentication_accuracy_vs_model_size.png>
Package pdftex.def Info: figures/authentication_accuracy_vs_model_size.png used
 on input line 425.
(pdftex.def)             Requested size: 281.85255pt x 174.28522pt.

Overfull \hbox (41.85255pt too wide) in paragraph at lines 425--426
 [][] 
 []


<figures/total_touches_vs_authentication_accuracy.png, id=37, 602.25pt x 372.39
125pt>
File: figures/total_touches_vs_authentication_accuracy.png Graphic file (type p
ng)
 <use figures/total_touches_vs_authentication_accuracy.png>
Package pdftex.def Info: figures/total_touches_vs_authentication_accuracy.png u
sed on input line 449.
(pdftex.def)             Requested size: 281.85255pt x 174.28522pt.

Overfull \hbox (41.85255pt too wide) in paragraph at lines 449--450
 [][] 
 []

<figures/nexus_speed_test.png, id=38, 602.25pt x 372.39125pt>
File: figures/nexus_speed_test.png Graphic file (type png)

<use figures/nexus_speed_test.png>
Package pdftex.def Info: figures/nexus_speed_test.png used on input line 474.
(pdftex.def)             Requested size: 281.85255pt x 174.28522pt.

Overfull \hbox (41.85255pt too wide) in paragraph at lines 474--475
 [][] 
 []

<figures/nexus_total_size_time.png, id=39, 602.25pt x 372.39125pt>
File: figures/nexus_total_size_time.png Graphic file (type png)

<use figures/nexus_total_size_time.png>
Package pdftex.def Info: figures/nexus_total_size_time.png used on input line 4
91.
(pdftex.def)             Requested size: 281.85255pt x 174.28522pt.

Overfull \hbox (41.85255pt too wide) in paragraph at lines 491--492
 [][] 
 []


Underfull \vbox (badness 10000) has occurred while \output is active []

 [6 <./figures/authentication_accuracy_vs_model_size.png> <./figures/total_touc
hes_vs_authentication_accuracy.png>]

LaTeX Warning: Reference `fig:extensive_authentication_accuracy' on page \thepa
ge  undefined on input line 505.

[7 <./figures/nexus_speed_test.png> <./figures/nexus_total_size_time.png>]
(./mobilePUFkeyboard.bbl) [8

] (./mobilePUFkeyboard.aux)

LaTeX Warning: There were undefined references.

 ) 
Here is how much of TeX's memory you used:
 2849 strings out of 493109
 36747 string characters out of 6140856
 101901 words of memory out of 5000000
 6238 multiletter control sequences out of 15000+600000
 47315 words of font info for 64 fonts, out of 8000000 for 9000
 1141 hyphenation exceptions out of 8191
 41i,10n,28p,973b,246s stack positions out of 5000i,500n,10000p,200000b,80000s
{/usr/share/texmf-dist/fonts/enc/dvips/base/8r.enc}</usr/share/texmf-dist/fon
ts/type1/public/amsfonts/cm/cmbx9.pfb></usr/share/texmf-dist/fonts/type1/public
/amsfonts/cm/cmmi9.pfb></usr/share/texmf-dist/fonts/type1/public/amsfonts/cm/cm
r9.pfb></usr/share/texmf-dist/fonts/type1/public/amsfonts/cm/cmsy9.pfb></usr/sh
are/texmf-dist/fonts/type1/public/amsfonts/cm/cmti9.pfb></usr/share/texmf-dist/
fonts/type1/urw/helvetic/uhvb8a.pfb></usr/share/texmf-dist/fonts/type1/urw/helv
etic/uhvr8a.pfb></usr/share/texmf-dist/fonts/type1/urw/times/utmb8a.pfb>
Output written on mobilePUFkeyboard.pdf (8 pages, 360213 bytes).
PDF statistics:
 83 PDF objects out of 1000 (max. 8388607)
 46 compressed objects within 1 object stream
 0 named destinations out of 1000 (max. 500000)
 46 words of extra memory for PDF output out of 10000 (max. 10000000)

