\BOOKMARK [0][-]{chapter.1}{\376\377\0001\000\040\000N\000a\000m\000e\000s\000p\000a\000c\000e\000\040\000I\000n\000d\000e\000x}{}% 1
\BOOKMARK [1][-]{section.1.1}{\376\377\0001\000.\0001\000\040\000P\000a\000c\000k\000a\000g\000e\000s}{chapter.1}% 2
\BOOKMARK [0][-]{chapter.2}{\376\377\0002\000\040\000H\000i\000e\000r\000a\000r\000c\000h\000i\000c\000a\000l\000\040\000I\000n\000d\000e\000x}{}% 3
\BOOKMARK [1][-]{section.2.1}{\376\377\0002\000.\0001\000\040\000C\000l\000a\000s\000s\000\040\000H\000i\000e\000r\000a\000r\000c\000h\000y}{chapter.2}% 4
\BOOKMARK [0][-]{chapter.3}{\376\377\0003\000\040\000C\000l\000a\000s\000s\000\040\000I\000n\000d\000e\000x}{}% 5
\BOOKMARK [1][-]{section.3.1}{\376\377\0003\000.\0001\000\040\000C\000l\000a\000s\000s\000\040\000L\000i\000s\000t}{chapter.3}% 6
\BOOKMARK [0][-]{chapter.4}{\376\377\0004\000\040\000F\000i\000l\000e\000\040\000I\000n\000d\000e\000x}{}% 7
\BOOKMARK [1][-]{section.4.1}{\376\377\0004\000.\0001\000\040\000F\000i\000l\000e\000\040\000L\000i\000s\000t}{chapter.4}% 8
\BOOKMARK [0][-]{chapter.5}{\376\377\0005\000\040\000N\000a\000m\000e\000s\000p\000a\000c\000e\000\040\000D\000o\000c\000u\000m\000e\000n\000t\000a\000t\000i\000o\000n}{}% 9
\BOOKMARK [1][-]{section.5.1}{\376\377\0005\000.\0001\000\040\000P\000a\000c\000k\000a\000g\000e\000\040\000c\000o\000m\000p\000o\000n\000e\000n\000t\000s}{chapter.5}% 10
\BOOKMARK [1][-]{section.5.2}{\376\377\0005\000.\0002\000\040\000P\000a\000c\000k\000a\000g\000e\000\040\000d\000a\000t\000a\000\137\000a\000n\000a\000l\000y\000s\000i\000s}{chapter.5}% 11
\BOOKMARK [1][-]{section.5.3}{\376\377\0005\000.\0003\000\040\000P\000a\000c\000k\000a\000g\000e\000\040\000g\000u\000i}{chapter.5}% 12
\BOOKMARK [1][-]{section.5.4}{\376\377\0005\000.\0004\000\040\000P\000a\000c\000k\000a\000g\000e\000\040\000j\000u\000n\000i\000t}{chapter.5}% 13
\BOOKMARK [1][-]{section.5.5}{\376\377\0005\000.\0005\000\040\000P\000a\000c\000k\000a\000g\000e\000\040\000r\000a\000n\000k}{chapter.5}% 14
\BOOKMARK [1][-]{section.5.6}{\376\377\0005\000.\0006\000\040\000P\000a\000c\000k\000a\000g\000e\000\040\000r\000u\000n\000t\000i\000m\000e}{chapter.5}% 15
\BOOKMARK [1][-]{section.5.7}{\376\377\0005\000.\0007\000\040\000P\000a\000c\000k\000a\000g\000e\000\040\000t\000e\000s\000t}{chapter.5}% 16
\BOOKMARK [1][-]{section.5.8}{\376\377\0005\000.\0008\000\040\000P\000a\000c\000k\000a\000g\000e\000\040\000t\000r\000i\000e}{chapter.5}% 17
\BOOKMARK [0][-]{chapter.6}{\376\377\0006\000\040\000C\000l\000a\000s\000s\000\040\000D\000o\000c\000u\000m\000e\000n\000t\000a\000t\000i\000o\000n}{}% 18
\BOOKMARK [1][-]{section.6.1}{\376\377\0006\000.\0001\000\040\000c\000o\000m\000p\000o\000n\000e\000n\000t\000s\000.\000C\000h\000a\000i\000n\000\040\000C\000l\000a\000s\000s\000\040\000R\000e\000f\000e\000r\000e\000n\000c\000e}{chapter.6}% 19
\BOOKMARK [2][-]{subsection.6.1.1}{\376\377\0006\000.\0001\000.\0001\000\040\000D\000e\000t\000a\000i\000l\000e\000d\000\040\000D\000e\000s\000c\000r\000i\000p\000t\000i\000o\000n}{section.6.1}% 20
\BOOKMARK [2][-]{subsection.6.1.2}{\376\377\0006\000.\0001\000.\0002\000\040\000C\000o\000n\000s\000t\000r\000u\000c\000t\000o\000r\000\040\000\046\000\040\000D\000e\000s\000t\000r\000u\000c\000t\000o\000r\000\040\000D\000o\000c\000u\000m\000e\000n\000t\000a\000t\000i\000o\000n}{section.6.1}% 21
\BOOKMARK [3][-]{subsubsection.6.1.2.1}{\376\377\0006\000.\0001\000.\0002\000.\0001\000\040\000C\000h\000a\000i\000n\000\050\000i\000n\000t\000\040\000w\000i\000n\000d\000o\000w\000,\000\040\000i\000n\000t\000\040\000t\000o\000k\000e\000n\000,\000\040\000i\000n\000t\000\040\000t\000h\000r\000e\000s\000h\000o\000l\000d\000,\000\040\000i\000n\000t\000\040\000m\000o\000d\000e\000l\000s\000i\000z\000e\000\051}{subsection.6.1.2}% 22
\BOOKMARK [3][-]{subsubsection.6.1.2.2}{\376\377\0006\000.\0001\000.\0002\000.\0002\000\040\000C\000h\000a\000i\000n\000\050\000C\000h\000a\000i\000n\000\040\000c\000\051}{subsection.6.1.2}% 23
\BOOKMARK [2][-]{subsection.6.1.3}{\376\377\0006\000.\0001\000.\0003\000\040\000M\000e\000m\000b\000e\000r\000\040\000F\000u\000n\000c\000t\000i\000o\000n\000\040\000D\000o\000c\000u\000m\000e\000n\000t\000a\000t\000i\000o\000n}{section.6.1}% 24
\BOOKMARK [3][-]{subsubsection.6.1.3.1}{\376\377\0006\000.\0001\000.\0003\000.\0001\000\040\000a\000d\000d\000t\000o\000u\000c\000h\000\050\000T\000o\000u\000c\000h\000\040\000t\000o\000u\000c\000h\000\051}{subsection.6.1.3}% 25
\BOOKMARK [3][-]{subsubsection.6.1.3.2}{\376\377\0006\000.\0001\000.\0003\000.\0002\000\040\000a\000d\000d\000t\000o\000u\000c\000h\000l\000i\000s\000t\000\050\000L\000i\000s\000t\000<\000\040\000T\000o\000u\000c\000h\000\040\000>\000\040\000t\000\051}{subsection.6.1.3}% 26
\BOOKMARK [3][-]{subsubsection.6.1.3.3}{\376\377\0006\000.\0001\000.\0003\000.\0003\000\040\000c\000o\000m\000p\000a\000r\000e\000t\000o\000\050\000C\000h\000a\000i\000n\000\040\000a\000u\000t\000h\000c\000h\000a\000i\000n\000\051}{subsection.6.1.3}% 27
\BOOKMARK [3][-]{subsubsection.6.1.3.4}{\376\377\0006\000.\0001\000.\0003\000.\0004\000\040\000c\000o\000m\000p\000u\000t\000e\000u\000n\000c\000o\000m\000p\000u\000t\000e\000d\000\050\000\051}{subsection.6.1.3}% 28
\BOOKMARK [3][-]{subsubsection.6.1.3.5}{\376\377\0006\000.\0001\000.\0003\000.\0005\000\040\000g\000e\000t\000d\000i\000s\000t\000r\000i\000b\000u\000t\000i\000o\000n\000\050\000\051}{subsection.6.1.3}% 29
\BOOKMARK [3][-]{subsubsection.6.1.3.6}{\376\377\0006\000.\0001\000.\0003\000.\0006\000\040\000g\000e\000t\000k\000e\000y\000d\000i\000s\000t\000r\000i\000b\000u\000t\000i\000o\000n\000\050\000\051}{subsection.6.1.3}% 30
\BOOKMARK [3][-]{subsubsection.6.1.3.7}{\376\377\0006\000.\0001\000.\0003\000.\0007\000\040\000g\000e\000t\000m\000o\000d\000e\000l\000s\000i\000z\000e\000\050\000\051}{subsection.6.1.3}% 31
\BOOKMARK [3][-]{subsubsection.6.1.3.8}{\376\377\0006\000.\0001\000.\0003\000.\0008\000\040\000g\000e\000t\000t\000h\000r\000e\000s\000h\000o\000l\000d\000\050\000\051}{subsection.6.1.3}% 32
\BOOKMARK [3][-]{subsubsection.6.1.3.9}{\376\377\0006\000.\0001\000.\0003\000.\0009\000\040\000g\000e\000t\000t\000o\000k\000e\000n\000\050\000\051}{subsection.6.1.3}% 33
\BOOKMARK [3][-]{subsubsection.6.1.3.10}{\376\377\0006\000.\0001\000.\0003\000.\0001\0000\000\040\000g\000e\000t\000t\000o\000k\000e\000n\000s\000\050\000\051}{subsection.6.1.3}% 34
\BOOKMARK [3][-]{subsubsection.6.1.3.11}{\376\377\0006\000.\0001\000.\0003\000.\0001\0001\000\040\000g\000e\000t\000t\000o\000u\000c\000h\000p\000r\000o\000b\000a\000b\000i\000l\000i\000t\000y\000\050\000W\000i\000n\000d\000o\000w\000\040\000w\000,\000\040\000T\000o\000u\000c\000h\000\040\000t\000\051}{subsection.6.1.3}% 35
\BOOKMARK [3][-]{subsubsection.6.1.3.12}{\376\377\0006\000.\0001\000.\0003\000.\0001\0002\000\040\000g\000e\000t\000t\000o\000u\000c\000h\000e\000s\000\050\000\051}{subsection.6.1.3}% 36
\BOOKMARK [3][-]{subsubsection.6.1.3.13}{\376\377\0006\000.\0001\000.\0003\000.\0001\0003\000\040\000g\000e\000t\000w\000i\000n\000d\000o\000w\000\050\000\051}{subsection.6.1.3}% 37
\BOOKMARK [3][-]{subsubsection.6.1.3.14}{\376\377\0006\000.\0001\000.\0003\000.\0001\0004\000\040\000g\000e\000t\000w\000i\000n\000d\000o\000w\000s\000\050\000\051}{subsection.6.1.3}% 38
\BOOKMARK [3][-]{subsubsection.6.1.3.15}{\376\377\0006\000.\0001\000.\0003\000.\0001\0005\000\040\000i\000s\000t\000o\000u\000c\000h\000i\000n\000k\000e\000y\000d\000i\000s\000t\000r\000i\000b\000u\000t\000i\000o\000n\000\050\000T\000o\000u\000c\000h\000\040\000t\000o\000u\000c\000h\000\051}{subsection.6.1.3}% 39
\BOOKMARK [3][-]{subsubsection.6.1.3.16}{\376\377\0006\000.\0001\000.\0003\000.\0001\0006\000\040\000o\000u\000t\000p\000u\000t\000t\000o\000c\000s\000v\000\050\000S\000t\000r\000i\000n\000g\000\040\000f\000i\000l\000e\000n\000a\000m\000e\000\051}{subsection.6.1.3}% 40
\BOOKMARK [3][-]{subsubsection.6.1.3.17}{\376\377\0006\000.\0001\000.\0003\000.\0001\0007\000\040\000r\000e\000s\000e\000t\000\050\000\051}{subsection.6.1.3}% 41
\BOOKMARK [3][-]{subsubsection.6.1.3.18}{\376\377\0006\000.\0001\000.\0003\000.\0001\0008\000\040\000s\000e\000t\000d\000i\000s\000t\000r\000i\000b\000u\000t\000i\000o\000n\000\050\000D\000i\000s\000t\000r\000i\000b\000u\000t\000i\000o\000n\000\040\000d\000i\000s\000t\000r\000i\000b\000u\000t\000i\000o\000n\000,\000\040\000L\000i\000s\000t\000<\000\040\000D\000i\000s\000t\000r\000i\000b\000u\000t\000i\000o\000n\000\040\000>\000\040\000k\000e\000y\000d\000i\000s\000t\000r\000i\000b\000u\000t\000i\000o\000n\000\051}{subsection.6.1.3}% 42
\BOOKMARK [3][-]{subsubsection.6.1.3.19}{\376\377\0006\000.\0001\000.\0003\000.\0001\0009\000\040\000t\000o\000S\000t\000r\000i\000n\000g\000\050\000\051}{subsection.6.1.3}% 43
\BOOKMARK [1][-]{section.6.2}{\376\377\0006\000.\0002\000\040\000r\000u\000n\000t\000i\000m\000e\000.\000C\000h\000a\000i\000n\000B\000u\000i\000l\000d\000e\000r\000\040\000C\000l\000a\000s\000s\000\040\000R\000e\000f\000e\000r\000e\000n\000c\000e}{chapter.6}% 44
\BOOKMARK [2][-]{subsection.6.2.1}{\376\377\0006\000.\0002\000.\0001\000\040\000D\000e\000t\000a\000i\000l\000e\000d\000\040\000D\000e\000s\000c\000r\000i\000p\000t\000i\000o\000n}{section.6.2}% 45
\BOOKMARK [2][-]{subsection.6.2.2}{\376\377\0006\000.\0002\000.\0002\000\040\000C\000o\000n\000s\000t\000r\000u\000c\000t\000o\000r\000\040\000\046\000\040\000D\000e\000s\000t\000r\000u\000c\000t\000o\000r\000\040\000D\000o\000c\000u\000m\000e\000n\000t\000a\000t\000i\000o\000n}{section.6.2}% 46
\BOOKMARK [3][-]{subsubsection.6.2.2.1}{\376\377\0006\000.\0002\000.\0002\000.\0001\000\040\000C\000h\000a\000i\000n\000B\000u\000i\000l\000d\000e\000r\000\050\000\051}{subsection.6.2.2}% 47
\BOOKMARK [3][-]{subsubsection.6.2.2.2}{\376\377\0006\000.\0002\000.\0002\000.\0002\000\040\000C\000h\000a\000i\000n\000B\000u\000i\000l\000d\000e\000r\000\050\000i\000n\000t\000\040\000w\000i\000n\000d\000o\000w\000,\000\040\000i\000n\000t\000\040\000t\000o\000k\000e\000n\000,\000\040\000i\000n\000t\000\040\000t\000h\000r\000e\000s\000h\000o\000l\000d\000,\000\040\000i\000n\000t\000\040\000u\000s\000e\000r\000m\000o\000d\000e\000l\000s\000i\000z\000e\000,\000\040\000i\000n\000t\000\040\000a\000u\000t\000h\000m\000o\000d\000e\000l\000s\000i\000z\000e\000\051}{subsection.6.2.2}% 48
\BOOKMARK [2][-]{subsection.6.2.3}{\376\377\0006\000.\0002\000.\0003\000\040\000M\000e\000m\000b\000e\000r\000\040\000F\000u\000n\000c\000t\000i\000o\000n\000\040\000D\000o\000c\000u\000m\000e\000n\000t\000a\000t\000i\000o\000n}{section.6.2}% 49
\BOOKMARK [3][-]{subsubsection.6.2.3.1}{\376\377\0006\000.\0002\000.\0003\000.\0001\000\040\000a\000u\000t\000h\000e\000n\000t\000i\000c\000a\000t\000e\000\050\000\051}{subsection.6.2.3}% 50
\BOOKMARK [3][-]{subsubsection.6.2.3.2}{\376\377\0006\000.\0002\000.\0003\000.\0002\000\040\000b\000u\000i\000l\000d\000c\000h\000a\000i\000n\000f\000r\000o\000m\000c\000s\000v\000\050\000F\000i\000l\000e\000\040\000f\000i\000l\000e\000\051}{subsection.6.2.3}% 51
\BOOKMARK [3][-]{subsubsection.6.2.3.3}{\376\377\0006\000.\0002\000.\0003\000.\0003\000\040\000g\000e\000t\000a\000u\000t\000h\000e\000n\000t\000i\000c\000a\000t\000e\000s\000t\000a\000t\000e\000\050\000\051}{subsection.6.2.3}% 52
\BOOKMARK [3][-]{subsubsection.6.2.3.4}{\376\377\0006\000.\0002\000.\0003\000.\0004\000\040\000g\000e\000t\000a\000u\000t\000h\000e\000n\000t\000i\000c\000a\000t\000e\000t\000h\000r\000e\000a\000d\000\050\000\051}{subsection.6.2.3}% 53
\BOOKMARK [3][-]{subsubsection.6.2.3.5}{\376\377\0006\000.\0002\000.\0003\000.\0005\000\040\000h\000a\000n\000d\000l\000e\000t\000o\000u\000c\000h\000\050\000T\000o\000u\000c\000h\000\040\000t\000o\000u\000c\000h\000\051}{subsection.6.2.3}% 54
\BOOKMARK [3][-]{subsubsection.6.2.3.6}{\376\377\0006\000.\0002\000.\0003\000.\0006\000\040\000p\000a\000r\000s\000e\000c\000s\000v\000\050\000F\000i\000l\000e\000\040\000f\000i\000l\000e\000\051}{subsection.6.2.3}% 55
\BOOKMARK [1][-]{section.6.3}{\376\377\0006\000.\0003\000\040\000r\000u\000n\000t\000i\000m\000e\000.\000C\000o\000m\000p\000a\000r\000e\000C\000h\000a\000i\000n\000s\000\040\000C\000l\000a\000s\000s\000\040\000R\000e\000f\000e\000r\000e\000n\000c\000e}{chapter.6}% 56
\BOOKMARK [2][-]{subsection.6.3.1}{\376\377\0006\000.\0003\000.\0001\000\040\000D\000e\000t\000a\000i\000l\000e\000d\000\040\000D\000e\000s\000c\000r\000i\000p\000t\000i\000o\000n}{section.6.3}% 57
\BOOKMARK [2][-]{subsection.6.3.2}{\376\377\0006\000.\0003\000.\0002\000\040\000C\000o\000n\000s\000t\000r\000u\000c\000t\000o\000r\000\040\000\046\000\040\000D\000e\000s\000t\000r\000u\000c\000t\000o\000r\000\040\000D\000o\000c\000u\000m\000e\000n\000t\000a\000t\000i\000o\000n}{section.6.3}% 58
\BOOKMARK [3][-]{subsubsection.6.3.2.1}{\376\377\0006\000.\0003\000.\0002\000.\0001\000\040\000C\000o\000m\000p\000a\000r\000e\000C\000h\000a\000i\000n\000s\000\050\000C\000h\000a\000i\000n\000\040\000u\000s\000e\000r\000c\000h\000a\000i\000n\000,\000\040\000C\000h\000a\000i\000n\000\040\000a\000u\000t\000h\000c\000h\000a\000i\000n\000\051}{subsection.6.3.2}% 59
\BOOKMARK [2][-]{subsection.6.3.3}{\376\377\0006\000.\0003\000.\0003\000\040\000M\000e\000m\000b\000e\000r\000\040\000F\000u\000n\000c\000t\000i\000o\000n\000\040\000D\000o\000c\000u\000m\000e\000n\000t\000a\000t\000i\000o\000n}{section.6.3}% 60
\BOOKMARK [3][-]{subsubsection.6.3.3.1}{\376\377\0006\000.\0003\000.\0003\000.\0001\000\040\000g\000e\000t\000a\000u\000t\000h\000c\000o\000m\000p\000l\000e\000t\000e\000\050\000\051}{subsection.6.3.3}% 61
\BOOKMARK [3][-]{subsubsection.6.3.3.2}{\376\377\0006\000.\0003\000.\0003\000.\0002\000\040\000g\000e\000t\000a\000u\000t\000h\000p\000r\000o\000b\000a\000b\000i\000l\000i\000t\000y\000\050\000\051}{subsection.6.3.3}% 62
\BOOKMARK [3][-]{subsubsection.6.3.3.3}{\376\377\0006\000.\0003\000.\0003\000.\0003\000\040\000g\000e\000t\000a\000u\000t\000h\000r\000e\000s\000u\000l\000t\000\050\000\051}{subsection.6.3.3}% 63
\BOOKMARK [3][-]{subsubsection.6.3.3.4}{\376\377\0006\000.\0003\000.\0003\000.\0004\000\040\000r\000u\000n\000\050\000\051}{subsection.6.3.3}% 64
\BOOKMARK [2][-]{subsection.6.3.4}{\376\377\0006\000.\0003\000.\0004\000\040\000M\000e\000m\000b\000e\000r\000\040\000D\000a\000t\000a\000\040\000D\000o\000c\000u\000m\000e\000n\000t\000a\000t\000i\000o\000n}{section.6.3}% 65
\BOOKMARK [3][-]{subsubsection.6.3.4.1}{\376\377\0006\000.\0003\000.\0004\000.\0001\000\040\000a\000u\000t\000h\000c\000h\000a\000i\000n}{subsection.6.3.4}% 66
\BOOKMARK [3][-]{subsubsection.6.3.4.2}{\376\377\0006\000.\0003\000.\0004\000.\0002\000\040\000a\000u\000t\000h\000e\000n\000t\000i\000c\000a\000t\000i\000o\000n\000p\000r\000o\000b\000a\000b\000i\000l\000i\000t\000y}{subsection.6.3.4}% 67
\BOOKMARK [3][-]{subsubsection.6.3.4.3}{\376\377\0006\000.\0003\000.\0004\000.\0003\000\040\000c\000o\000m\000p\000l\000e\000t\000e}{subsection.6.3.4}% 68
\BOOKMARK [3][-]{subsubsection.6.3.4.4}{\376\377\0006\000.\0003\000.\0004\000.\0004\000\040\000i\000s\000a\000u\000t\000h\000e\000n\000t\000i\000c}{subsection.6.3.4}% 69
\BOOKMARK [3][-]{subsubsection.6.3.4.5}{\376\377\0006\000.\0003\000.\0004\000.\0005\000\040\000u\000s\000e\000r\000c\000h\000a\000i\000n}{subsection.6.3.4}% 70
\BOOKMARK [1][-]{section.6.4}{\376\377\0006\000.\0004\000\040\000r\000a\000n\000k\000.\000C\000o\000m\000p\000a\000r\000e\000C\000h\000a\000i\000n\000s\000R\000a\000n\000k\000\040\000C\000l\000a\000s\000s\000\040\000R\000e\000f\000e\000r\000e\000n\000c\000e}{chapter.6}% 71
\BOOKMARK [2][-]{subsection.6.4.1}{\376\377\0006\000.\0004\000.\0001\000\040\000C\000o\000n\000s\000t\000r\000u\000c\000t\000o\000r\000\040\000\046\000\040\000D\000e\000s\000t\000r\000u\000c\000t\000o\000r\000\040\000D\000o\000c\000u\000m\000e\000n\000t\000a\000t\000i\000o\000n}{section.6.4}% 72
\BOOKMARK [3][-]{subsubsection.6.4.1.1}{\376\377\0006\000.\0004\000.\0001\000.\0001\000\040\000C\000o\000m\000p\000a\000r\000e\000C\000h\000a\000i\000n\000s\000R\000a\000n\000k\000\050\000C\000h\000a\000i\000n\000\040\000u\000s\000e\000r\000c\000h\000a\000i\000n\000,\000\040\000C\000h\000a\000i\000n\000\040\000a\000u\000t\000h\000c\000h\000a\000i\000n\000\051}{subsection.6.4.1}% 73
\BOOKMARK [2][-]{subsection.6.4.2}{\376\377\0006\000.\0004\000.\0002\000\040\000M\000e\000m\000b\000e\000r\000\040\000F\000u\000n\000c\000t\000i\000o\000n\000\040\000D\000o\000c\000u\000m\000e\000n\000t\000a\000t\000i\000o\000n}{section.6.4}% 74
\BOOKMARK [3][-]{subsubsection.6.4.2.1}{\376\377\0006\000.\0004\000.\0002\000.\0001\000\040\000r\000u\000n\000\050\000\051}{subsection.6.4.2}% 75
\BOOKMARK [1][-]{section.6.5}{\376\377\0006\000.\0005\000\040\000r\000u\000n\000t\000i\000m\000e\000.\000C\000h\000a\000i\000n\000B\000u\000i\000l\000d\000e\000r\000.\000C\000o\000m\000p\000a\000r\000e\000M\000e\000t\000h\000o\000d\000\040\000E\000n\000u\000m\000\040\000R\000e\000f\000e\000r\000e\000n\000c\000e}{chapter.6}% 76
\BOOKMARK [2][-]{subsection.6.5.1}{\376\377\0006\000.\0005\000.\0001\000\040\000M\000e\000m\000b\000e\000r\000\040\000D\000a\000t\000a\000\040\000D\000o\000c\000u\000m\000e\000n\000t\000a\000t\000i\000o\000n}{section.6.5}% 77
\BOOKMARK [3][-]{subsubsection.6.5.1.1}{\376\377\0006\000.\0005\000.\0001\000.\0001\000\040\000P\000R\000O\000B\000A\000B\000I\000L\000I\000T\000Y\000V\000E\000C\000T\000O\000R\000D\000I\000F\000F\000E\000R\000A\000N\000C\000E}{subsection.6.5.1}% 78
\BOOKMARK [1][-]{section.6.6}{\376\377\0006\000.\0006\000\040\000r\000a\000n\000k\000.\000C\000o\000m\000p\000l\000e\000t\000e\000P\000r\000o\000b\000a\000b\000i\000l\000i\000t\000y\000\040\000C\000l\000a\000s\000s\000\040\000R\000e\000f\000e\000r\000e\000n\000c\000e}{chapter.6}% 79
\BOOKMARK [2][-]{subsection.6.6.1}{\376\377\0006\000.\0006\000.\0001\000\040\000D\000e\000t\000a\000i\000l\000e\000d\000\040\000D\000e\000s\000c\000r\000i\000p\000t\000i\000o\000n}{section.6.6}% 80
\BOOKMARK [2][-]{subsection.6.6.2}{\376\377\0006\000.\0006\000.\0002\000\040\000C\000o\000n\000s\000t\000r\000u\000c\000t\000o\000r\000\040\000\046\000\040\000D\000e\000s\000t\000r\000u\000c\000t\000o\000r\000\040\000D\000o\000c\000u\000m\000e\000n\000t\000a\000t\000i\000o\000n}{section.6.6}% 81
\BOOKMARK [3][-]{subsubsection.6.6.2.1}{\376\377\0006\000.\0006\000.\0002\000.\0001\000\040\000C\000o\000m\000p\000l\000e\000t\000e\000P\000r\000o\000b\000a\000b\000i\000l\000i\000t\000y\000\050\000C\000h\000a\000i\000n\000\040\000c\000h\000a\000i\000n\000\051}{subsection.6.6.2}% 82
\BOOKMARK [2][-]{subsection.6.6.3}{\376\377\0006\000.\0006\000.\0003\000\040\000M\000e\000m\000b\000e\000r\000\040\000F\000u\000n\000c\000t\000i\000o\000n\000\040\000D\000o\000c\000u\000m\000e\000n\000t\000a\000t\000i\000o\000n}{section.6.6}% 83
\BOOKMARK [3][-]{subsubsection.6.6.3.1}{\376\377\0006\000.\0006\000.\0003\000.\0001\000\040\000c\000o\000m\000p\000u\000t\000e\000p\000r\000o\000b\000a\000b\000i\000l\000i\000t\000y\000\050\000\051}{subsection.6.6.3}% 84
\BOOKMARK [1][-]{section.6.7}{\376\377\0006\000.\0007\000\040\000r\000u\000n\000t\000i\000m\000e\000.\000O\000p\000e\000r\000a\000t\000i\000o\000n\000\137\000t\000h\000r\000e\000a\000d\000.\000C\000o\000m\000p\000u\000t\000a\000t\000i\000o\000n\000\040\000E\000n\000u\000m\000\040\000R\000e\000f\000e\000r\000e\000n\000c\000e}{chapter.6}% 85
\BOOKMARK [2][-]{subsection.6.7.1}{\376\377\0006\000.\0007\000.\0001\000\040\000M\000e\000m\000b\000e\000r\000\040\000D\000a\000t\000a\000\040\000D\000o\000c\000u\000m\000e\000n\000t\000a\000t\000i\000o\000n}{section.6.7}% 86
\BOOKMARK [3][-]{subsubsection.6.7.1.1}{\376\377\0006\000.\0007\000.\0001\000.\0001\000\040\000D\000I\000S\000T\000R\000I\000B\000U\000T\000I\000O\000N}{subsection.6.7.1}% 87
\BOOKMARK [3][-]{subsubsection.6.7.1.2}{\376\377\0006\000.\0007\000.\0001\000.\0002\000\040\000K\000E\000Y\000D\000I\000S\000T\000R\000I\000B\000U\000T\000I\000O\000N}{subsection.6.7.1}% 88
\BOOKMARK [3][-]{subsubsection.6.7.1.3}{\376\377\0006\000.\0007\000.\0001\000.\0003\000\040\000P\000R\000O\000B\000A\000B\000I\000L\000I\000T\000Y}{subsection.6.7.1}% 89
\BOOKMARK [3][-]{subsubsection.6.7.1.4}{\376\377\0006\000.\0007\000.\0001\000.\0004\000\040\000T\000O\000K\000E\000N}{subsection.6.7.1}% 90
\BOOKMARK [3][-]{subsubsection.6.7.1.5}{\376\377\0006\000.\0007\000.\0001\000.\0005\000\040\000W\000I\000N\000D\000O\000W}{subsection.6.7.1}% 91
\BOOKMARK [1][-]{section.6.8}{\376\377\0006\000.\0008\000\040\000t\000e\000s\000t\000.\000M\000a\000i\000n\000.\000T\000e\000s\000t\000F\000i\000l\000e\000s\000.\000C\000o\000n\000c\000e\000n\000t\000r\000a\000t\000i\000o\000n\000\040\000E\000n\000u\000m\000\040\000R\000e\000f\000e\000r\000e\000n\000c\000e}{chapter.6}% 92
\BOOKMARK [2][-]{subsection.6.8.1}{\376\377\0006\000.\0008\000.\0001\000\040\000C\000o\000n\000s\000t\000r\000u\000c\000t\000o\000r\000\040\000\046\000\040\000D\000e\000s\000t\000r\000u\000c\000t\000o\000r\000\040\000D\000o\000c\000u\000m\000e\000n\000t\000a\000t\000i\000o\000n}{section.6.8}% 93
\BOOKMARK [3][-]{subsubsection.6.8.1.1}{\376\377\0006\000.\0008\000.\0001\000.\0001\000\040\000C\000o\000n\000c\000e\000n\000t\000r\000a\000t\000i\000o\000n\000\050\000S\000t\000r\000i\000n\000g\000\040\000d\000e\000s\000c\000r\000i\000p\000t\000i\000o\000n\000,\000\040\000i\000n\000t\000\040\000i\000d\000e\000n\000t\000i\000f\000i\000e\000r\000,\000\040\000d\000o\000u\000b\000l\000e\000\040\000v\000a\000l\000u\000e\000\051}{subsection.6.8.1}% 94
\BOOKMARK [2][-]{subsection.6.8.2}{\376\377\0006\000.\0008\000.\0002\000\040\000M\000e\000m\000b\000e\000r\000\040\000F\000u\000n\000c\000t\000i\000o\000n\000\040\000D\000o\000c\000u\000m\000e\000n\000t\000a\000t\000i\000o\000n}{section.6.8}% 95
\BOOKMARK [3][-]{subsubsection.6.8.2.1}{\376\377\0006\000.\0008\000.\0002\000.\0001\000\040\000g\000e\000t\000i\000d\000e\000n\000t\000i\000f\000i\000e\000r\000\050\000\051}{subsection.6.8.2}% 96
\BOOKMARK [3][-]{subsubsection.6.8.2.2}{\376\377\0006\000.\0008\000.\0002\000.\0002\000\040\000g\000e\000t\000v\000a\000l\000u\000e\000\050\000\051}{subsection.6.8.2}% 97
\BOOKMARK [3][-]{subsubsection.6.8.2.3}{\376\377\0006\000.\0008\000.\0002\000.\0003\000\040\000t\000o\000S\000t\000r\000i\000n\000g\000\050\000\051}{subsection.6.8.2}% 98
\BOOKMARK [2][-]{subsection.6.8.3}{\376\377\0006\000.\0008\000.\0003\000\040\000M\000e\000m\000b\000e\000r\000\040\000D\000a\000t\000a\000\040\000D\000o\000c\000u\000m\000e\000n\000t\000a\000t\000i\000o\000n}{section.6.8}% 99
\BOOKMARK [3][-]{subsubsection.6.8.3.1}{\376\377\0006\000.\0008\000.\0003\000.\0001\000\040\000H\000I\000G\000H}{subsection.6.8.3}% 100
\BOOKMARK [3][-]{subsubsection.6.8.3.2}{\376\377\0006\000.\0008\000.\0003\000.\0002\000\040\000L\000O\000W}{subsection.6.8.3}% 101
\BOOKMARK [3][-]{subsubsection.6.8.3.3}{\376\377\0006\000.\0008\000.\0003\000.\0003\000\040\000M\000E\000D\000I\000U\000M}{subsection.6.8.3}% 102
\BOOKMARK [1][-]{section.6.9}{\376\377\0006\000.\0009\000\040\000t\000e\000s\000t\000.\000M\000a\000i\000n\000.\000T\000e\000s\000t\000F\000i\000l\000e\000s\000.\000D\000i\000s\000t\000r\000i\000b\000u\000t\000i\000o\000n\000\040\000E\000n\000u\000m\000\040\000R\000e\000f\000e\000r\000e\000n\000c\000e}{chapter.6}% 103
\BOOKMARK [2][-]{subsection.6.9.1}{\376\377\0006\000.\0009\000.\0001\000\040\000C\000o\000n\000s\000t\000r\000u\000c\000t\000o\000r\000\040\000\046\000\040\000D\000e\000s\000t\000r\000u\000c\000t\000o\000r\000\040\000D\000o\000c\000u\000m\000e\000n\000t\000a\000t\000i\000o\000n}{section.6.9}% 104
\BOOKMARK [3][-]{subsubsection.6.9.1.1}{\376\377\0006\000.\0009\000.\0001\000.\0001\000\040\000D\000i\000s\000t\000r\000i\000b\000u\000t\000i\000o\000n\000\050\000S\000t\000r\000i\000n\000g\000\040\000d\000e\000s\000c\000r\000i\000p\000t\000i\000o\000n\000,\000\040\000i\000n\000t\000\040\000i\000d\000e\000n\000t\000i\000f\000i\000e\000r\000,\000\040\000d\000o\000u\000b\000l\000e\000\040\000v\000a\000l\000u\000e\000\051}{subsection.6.9.1}% 105
\BOOKMARK [2][-]{subsection.6.9.2}{\376\377\0006\000.\0009\000.\0002\000\040\000M\000e\000m\000b\000e\000r\000\040\000F\000u\000n\000c\000t\000i\000o\000n\000\040\000D\000o\000c\000u\000m\000e\000n\000t\000a\000t\000i\000o\000n}{section.6.9}% 106
\BOOKMARK [3][-]{subsubsection.6.9.2.1}{\376\377\0006\000.\0009\000.\0002\000.\0001\000\040\000g\000e\000t\000i\000d\000e\000n\000t\000i\000f\000i\000e\000r\000\050\000\051}{subsection.6.9.2}% 107
\BOOKMARK [3][-]{subsubsection.6.9.2.2}{\376\377\0006\000.\0009\000.\0002\000.\0002\000\040\000g\000e\000t\000v\000a\000l\000u\000e\000\050\000\051}{subsection.6.9.2}% 108
\BOOKMARK [3][-]{subsubsection.6.9.2.3}{\376\377\0006\000.\0009\000.\0002\000.\0003\000\040\000t\000o\000S\000t\000r\000i\000n\000g\000\050\000\051}{subsection.6.9.2}% 109
\BOOKMARK [2][-]{subsection.6.9.3}{\376\377\0006\000.\0009\000.\0003\000\040\000M\000e\000m\000b\000e\000r\000\040\000D\000a\000t\000a\000\040\000D\000o\000c\000u\000m\000e\000n\000t\000a\000t\000i\000o\000n}{section.6.9}% 110
\BOOKMARK [3][-]{subsubsection.6.9.3.1}{\376\377\0006\000.\0009\000.\0003\000.\0001\000\040\000A\000B\000N\000O\000R\000M\000A\000L}{subsection.6.9.3}% 111
\BOOKMARK [3][-]{subsubsection.6.9.3.2}{\376\377\0006\000.\0009\000.\0003\000.\0002\000\040\000N\000O\000R\000M\000A\000L}{subsection.6.9.3}% 112
\BOOKMARK [3][-]{subsubsection.6.9.3.3}{\376\377\0006\000.\0009\000.\0003\000.\0003\000\040\000R\000A\000N\000D\000O\000M}{subsection.6.9.3}% 113
\BOOKMARK [1][-]{section.6.10}{\376\377\0006\000.\0001\0000\000\040\000c\000o\000m\000p\000o\000n\000e\000n\000t\000s\000.\000D\000i\000s\000t\000r\000i\000b\000u\000t\000i\000o\000n\000\040\000C\000l\000a\000s\000s\000\040\000R\000e\000f\000e\000r\000e\000n\000c\000e}{chapter.6}% 114
\BOOKMARK [2][-]{subsection.6.10.1}{\376\377\0006\000.\0001\0000\000.\0001\000\040\000D\000e\000t\000a\000i\000l\000e\000d\000\040\000D\000e\000s\000c\000r\000i\000p\000t\000i\000o\000n}{section.6.10}% 115
\BOOKMARK [2][-]{subsection.6.10.2}{\376\377\0006\000.\0001\0000\000.\0002\000\040\000C\000o\000n\000s\000t\000r\000u\000c\000t\000o\000r\000\040\000\046\000\040\000D\000e\000s\000t\000r\000u\000c\000t\000o\000r\000\040\000D\000o\000c\000u\000m\000e\000n\000t\000a\000t\000i\000o\000n}{section.6.10}% 116
\BOOKMARK [3][-]{subsubsection.6.10.2.1}{\376\377\0006\000.\0001\0000\000.\0002\000.\0001\000\040\000D\000i\000s\000t\000r\000i\000b\000u\000t\000i\000o\000n\000\050\000L\000i\000s\000t\000<\000\040\000T\000o\000u\000c\000h\000\040\000>\000\040\000t\000o\000u\000c\000h\000e\000s\000\051}{subsection.6.10.2}% 117
\BOOKMARK [3][-]{subsubsection.6.10.2.2}{\376\377\0006\000.\0001\0000\000.\0002\000.\0002\000\040\000D\000i\000s\000t\000r\000i\000b\000u\000t\000i\000o\000n\000\050\000L\000i\000s\000t\000<\000\040\000T\000o\000u\000c\000h\000\040\000>\000\040\000t\000o\000u\000c\000h\000e\000s\000,\000\040\000i\000n\000t\000\040\000k\000e\000y\000c\000o\000d\000e\000\051}{subsection.6.10.2}% 118
\BOOKMARK [3][-]{subsubsection.6.10.2.3}{\376\377\0006\000.\0001\0000\000.\0002\000.\0003\000\040\000D\000i\000s\000t\000r\000i\000b\000u\000t\000i\000o\000n\000\050\000D\000i\000s\000t\000r\000i\000b\000u\000t\000i\000o\000n\000\040\000d\000\051}{subsection.6.10.2}% 119
\BOOKMARK [2][-]{subsection.6.10.3}{\376\377\0006\000.\0001\0000\000.\0003\000\040\000M\000e\000m\000b\000e\000r\000\040\000F\000u\000n\000c\000t\000i\000o\000n\000\040\000D\000o\000c\000u\000m\000e\000n\000t\000a\000t\000i\000o\000n}{section.6.10}% 120
\BOOKMARK [3][-]{subsubsection.6.10.3.1}{\376\377\0006\000.\0001\0000\000.\0003\000.\0001\000\040\000e\000q\000u\000a\000l\000s\000\050\000O\000b\000j\000e\000c\000t\000\040\000o\000\051}{subsection.6.10.3}% 121
\BOOKMARK [3][-]{subsubsection.6.10.3.2}{\376\377\0006\000.\0001\0000\000.\0003\000.\0002\000\040\000g\000e\000t\000a\000v\000e\000r\000a\000g\000e\000\050\000\051}{subsection.6.10.3}% 122
\BOOKMARK [3][-]{subsubsection.6.10.3.3}{\376\377\0006\000.\0001\0000\000.\0003\000.\0003\000\040\000g\000e\000t\000k\000e\000y\000c\000o\000d\000e\000\050\000\051}{subsection.6.10.3}% 123
\BOOKMARK [3][-]{subsubsection.6.10.3.4}{\376\377\0006\000.\0001\0000\000.\0003\000.\0004\000\040\000g\000e\000t\000m\000a\000x\000\050\000\051}{subsection.6.10.3}% 124
\BOOKMARK [3][-]{subsubsection.6.10.3.5}{\376\377\0006\000.\0001\0000\000.\0003\000.\0005\000\040\000g\000e\000t\000m\000i\000n\000\050\000\051}{subsection.6.10.3}% 125
\BOOKMARK [3][-]{subsubsection.6.10.3.6}{\376\377\0006\000.\0001\0000\000.\0003\000.\0006\000\040\000g\000e\000t\000s\000t\000a\000n\000d\000a\000r\000d\000d\000e\000v\000i\000a\000t\000i\000o\000n\000\050\000\051}{subsection.6.10.3}% 126
\BOOKMARK [3][-]{subsubsection.6.10.3.7}{\376\377\0006\000.\0001\0000\000.\0003\000.\0007\000\040\000u\000p\000d\000a\000t\000e\000\050\000L\000i\000s\000t\000<\000\040\000T\000o\000u\000c\000h\000\040\000>\000\040\000t\000o\000u\000c\000h\000e\000s\000\051}{subsection.6.10.3}% 127
\BOOKMARK [1][-]{section.6.11}{\376\377\0006\000.\0001\0001\000\040\000t\000e\000s\000t\000.\000M\000a\000i\000n\000\040\000C\000l\000a\000s\000s\000\040\000R\000e\000f\000e\000r\000e\000n\000c\000e}{chapter.6}% 128
\BOOKMARK [2][-]{subsection.6.11.1}{\376\377\0006\000.\0001\0001\000.\0001\000\040\000D\000e\000t\000a\000i\000l\000e\000d\000\040\000D\000e\000s\000c\000r\000i\000p\000t\000i\000o\000n}{section.6.11}% 129
\BOOKMARK [2][-]{subsection.6.11.2}{\376\377\0006\000.\0001\0001\000.\0002\000\040\000M\000e\000m\000b\000e\000r\000\040\000F\000u\000n\000c\000t\000i\000o\000n\000\040\000D\000o\000c\000u\000m\000e\000n\000t\000a\000t\000i\000o\000n}{section.6.11}% 130
\BOOKMARK [3][-]{subsubsection.6.11.2.1}{\376\377\0006\000.\0001\0001\000.\0002\000.\0001\000\040\000m\000a\000i\000n\000\050\000S\000t\000r\000i\000n\000g\000\040\000a\000r\000g\000s\000[\000]\000\051}{subsection.6.11.2}% 131
\BOOKMARK [1][-]{section.6.12}{\376\377\0006\000.\0001\0002\000\040\000g\000u\000i\000.\000M\000a\000r\000c\000o\000v\000\137\000c\000o\000n\000s\000o\000l\000e\000\137\000p\000a\000n\000e\000l\000\040\000C\000l\000a\000s\000s\000\040\000R\000e\000f\000e\000r\000e\000n\000c\000e}{chapter.6}% 132
\BOOKMARK [2][-]{subsection.6.12.1}{\376\377\0006\000.\0001\0002\000.\0001\000\040\000C\000o\000n\000s\000t\000r\000u\000c\000t\000o\000r\000\040\000\046\000\040\000D\000e\000s\000t\000r\000u\000c\000t\000o\000r\000\040\000D\000o\000c\000u\000m\000e\000n\000t\000a\000t\000i\000o\000n}{section.6.12}% 133
\BOOKMARK [3][-]{subsubsection.6.12.1.1}{\376\377\0006\000.\0001\0002\000.\0001\000.\0001\000\040\000M\000a\000r\000c\000o\000v\000c\000o\000n\000s\000o\000l\000e\000p\000a\000n\000e\000l\000\050\000\051}{subsection.6.12.1}% 134
\BOOKMARK [1][-]{section.6.13}{\376\377\0006\000.\0001\0003\000\040\000g\000u\000i\000.\000M\000a\000r\000c\000o\000v\000\137\000f\000i\000l\000e\000\137\000d\000i\000s\000p\000l\000a\000y\000\137\000p\000a\000n\000e\000l\000\040\000C\000l\000a\000s\000s\000\040\000R\000e\000f\000e\000r\000e\000n\000c\000e}{chapter.6}% 135
\BOOKMARK [2][-]{subsection.6.13.1}{\376\377\0006\000.\0001\0003\000.\0001\000\040\000C\000o\000n\000s\000t\000r\000u\000c\000t\000o\000r\000\040\000\046\000\040\000D\000e\000s\000t\000r\000u\000c\000t\000o\000r\000\040\000D\000o\000c\000u\000m\000e\000n\000t\000a\000t\000i\000o\000n}{section.6.13}% 136
\BOOKMARK [3][-]{subsubsection.6.13.1.1}{\376\377\0006\000.\0001\0003\000.\0001\000.\0001\000\040\000M\000a\000r\000c\000o\000v\000f\000i\000l\000e\000d\000i\000s\000p\000l\000a\000y\000p\000a\000n\000e\000l\000\050\000\051}{subsection.6.13.1}% 137
\BOOKMARK [1][-]{section.6.14}{\376\377\0006\000.\0001\0004\000\040\000g\000u\000i\000.\000M\000a\000r\000c\000o\000v\000\137\000f\000r\000a\000m\000e\000\040\000C\000l\000a\000s\000s\000\040\000R\000e\000f\000e\000r\000e\000n\000c\000e}{chapter.6}% 138
\BOOKMARK [2][-]{subsection.6.14.1}{\376\377\0006\000.\0001\0004\000.\0001\000\040\000C\000o\000n\000s\000t\000r\000u\000c\000t\000o\000r\000\040\000\046\000\040\000D\000e\000s\000t\000r\000u\000c\000t\000o\000r\000\040\000D\000o\000c\000u\000m\000e\000n\000t\000a\000t\000i\000o\000n}{section.6.14}% 139
\BOOKMARK [3][-]{subsubsection.6.14.1.1}{\376\377\0006\000.\0001\0004\000.\0001\000.\0001\000\040\000M\000a\000r\000c\000o\000v\000f\000r\000a\000m\000e\000\050\000\051}{subsection.6.14.1}% 140
\BOOKMARK [2][-]{subsection.6.14.2}{\376\377\0006\000.\0001\0004\000.\0002\000\040\000M\000e\000m\000b\000e\000r\000\040\000F\000u\000n\000c\000t\000i\000o\000n\000\040\000D\000o\000c\000u\000m\000e\000n\000t\000a\000t\000i\000o\000n}{section.6.14}% 141
\BOOKMARK [3][-]{subsubsection.6.14.2.1}{\376\377\0006\000.\0001\0004\000.\0002\000.\0001\000\040\000c\000l\000o\000s\000e\000\050\000\051}{subsection.6.14.2}% 142
\BOOKMARK [1][-]{section.6.15}{\376\377\0006\000.\0001\0005\000\040\000g\000u\000i\000.\000M\000a\000r\000c\000o\000v\000\137\000o\000p\000t\000i\000o\000n\000s\000\137\000p\000a\000n\000e\000l\000\040\000C\000l\000a\000s\000s\000\040\000R\000e\000f\000e\000r\000e\000n\000c\000e}{chapter.6}% 143
\BOOKMARK [2][-]{subsection.6.15.1}{\376\377\0006\000.\0001\0005\000.\0001\000\040\000C\000o\000n\000s\000t\000r\000u\000c\000t\000o\000r\000\040\000\046\000\040\000D\000e\000s\000t\000r\000u\000c\000t\000o\000r\000\040\000D\000o\000c\000u\000m\000e\000n\000t\000a\000t\000i\000o\000n}{section.6.15}% 144
\BOOKMARK [3][-]{subsubsection.6.15.1.1}{\376\377\0006\000.\0001\0005\000.\0001\000.\0001\000\040\000M\000a\000r\000c\000o\000v\000o\000p\000t\000i\000o\000n\000s\000p\000a\000n\000e\000l\000\050\000\051}{subsection.6.15.1}% 145
\BOOKMARK [1][-]{section.6.16}{\376\377\0006\000.\0001\0006\000\040\000d\000a\000t\000a\000\137\000a\000n\000a\000l\000y\000s\000i\000s\000.\000M\000o\000d\000e\000l\000\137\000c\000o\000m\000p\000a\000r\000e\000\040\000C\000l\000a\000s\000s\000\040\000R\000e\000f\000e\000r\000e\000n\000c\000e}{chapter.6}% 146
\BOOKMARK [2][-]{subsection.6.16.1}{\376\377\0006\000.\0001\0006\000.\0001\000\040\000D\000e\000t\000a\000i\000l\000e\000d\000\040\000D\000e\000s\000c\000r\000i\000p\000t\000i\000o\000n}{section.6.16}% 147
\BOOKMARK [2][-]{subsection.6.16.2}{\376\377\0006\000.\0001\0006\000.\0002\000\040\000M\000e\000m\000b\000e\000r\000\040\000F\000u\000n\000c\000t\000i\000o\000n\000\040\000D\000o\000c\000u\000m\000e\000n\000t\000a\000t\000i\000o\000n}{section.6.16}% 148
\BOOKMARK [3][-]{subsubsection.6.16.2.1}{\376\377\0006\000.\0001\0006\000.\0002\000.\0001\000\040\000m\000a\000i\000n\000\050\000S\000t\000r\000i\000n\000g\000[\000]\000\040\000a\000r\000g\000s\000\051}{subsection.6.16.2}% 149
\BOOKMARK [1][-]{section.6.17}{\376\377\0006\000.\0001\0007\000\040\000d\000a\000t\000a\000\137\000a\000n\000a\000l\000y\000s\000i\000s\000.\000M\000o\000d\000e\000l\000\137\000c\000o\000m\000p\000a\000r\000e\000\137\000t\000h\000r\000e\000a\000d\000\040\000C\000l\000a\000s\000s\000\040\000R\000e\000f\000e\000r\000e\000n\000c\000e}{chapter.6}% 150
\BOOKMARK [2][-]{subsection.6.17.1}{\376\377\0006\000.\0001\0007\000.\0001\000\040\000D\000e\000t\000a\000i\000l\000e\000d\000\040\000D\000e\000s\000c\000r\000i\000p\000t\000i\000o\000n}{section.6.17}% 151
\BOOKMARK [2][-]{subsection.6.17.2}{\376\377\0006\000.\0001\0007\000.\0002\000\040\000C\000o\000n\000s\000t\000r\000u\000c\000t\000o\000r\000\040\000\046\000\040\000D\000e\000s\000t\000r\000u\000c\000t\000o\000r\000\040\000D\000o\000c\000u\000m\000e\000n\000t\000a\000t\000i\000o\000n}{section.6.17}% 152
\BOOKMARK [3][-]{subsubsection.6.17.2.1}{\376\377\0006\000.\0001\0007\000.\0002\000.\0001\000\040\000M\000o\000d\000e\000l\000c\000o\000m\000p\000a\000r\000e\000t\000h\000r\000e\000a\000d\000\050\000S\000t\000r\000i\000n\000g\000\040\000b\000a\000s\000e\000d\000a\000t\000a\000p\000a\000t\000h\000,\000\040\000S\000t\000r\000i\000n\000g\000\040\000a\000u\000t\000h\000d\000a\000t\000a\000p\000a\000t\000h\000,\000\040\000i\000n\000t\000\040\000b\000a\000s\000e\000m\000o\000d\000e\000l\000s\000i\000z\000e\000,\000\040\000i\000n\000t\000\040\000a\000u\000t\000h\000m\000o\000d\000e\000l\000s\000i\000z\000e\000,\000\040\000i\000n\000t\000\040\000w\000i\000n\000d\000o\000w\000s\000i\000z\000e\000,\000\040\000i\000n\000t\000\040\000t\000o\000k\000e\000n\000s\000i\000z\000e\000,\000\040\000i\000n\000t\000\040\000t\000h\000r\000e\000s\000h\000o\000l\000d\000\051}{subsection.6.17.2}% 153
\BOOKMARK [2][-]{subsection.6.17.3}{\376\377\0006\000.\0001\0007\000.\0003\000\040\000M\000e\000m\000b\000e\000r\000\040\000F\000u\000n\000c\000t\000i\000o\000n\000\040\000D\000o\000c\000u\000m\000e\000n\000t\000a\000t\000i\000o\000n}{section.6.17}% 154
\BOOKMARK [3][-]{subsubsection.6.17.3.1}{\376\377\0006\000.\0001\0007\000.\0003\000.\0001\000\040\000g\000e\000t\000a\000u\000t\000h\000d\000a\000t\000a\000p\000a\000t\000h\000\050\000\051}{subsection.6.17.3}% 155
\BOOKMARK [3][-]{subsubsection.6.17.3.2}{\376\377\0006\000.\0001\0007\000.\0003\000.\0002\000\040\000g\000e\000t\000a\000u\000t\000h\000m\000o\000d\000e\000l\000s\000i\000z\000e\000\050\000\051}{subsection.6.17.3}% 156
\BOOKMARK [3][-]{subsubsection.6.17.3.3}{\376\377\0006\000.\0001\0007\000.\0003\000.\0003\000\040\000g\000e\000t\000a\000u\000t\000h\000p\000r\000o\000b\000a\000b\000i\000l\000i\000t\000y\000l\000i\000s\000t\000\050\000\051}{subsection.6.17.3}% 157
\BOOKMARK [3][-]{subsubsection.6.17.3.4}{\376\377\0006\000.\0001\0007\000.\0003\000.\0004\000\040\000g\000e\000t\000b\000a\000s\000e\000d\000a\000t\000a\000p\000a\000t\000h\000\050\000\051}{subsection.6.17.3}% 158
\BOOKMARK [3][-]{subsubsection.6.17.3.5}{\376\377\0006\000.\0001\0007\000.\0003\000.\0005\000\040\000g\000e\000t\000b\000a\000s\000e\000m\000o\000d\000e\000l\000s\000i\000z\000e\000\050\000\051}{subsection.6.17.3}% 159
\BOOKMARK [3][-]{subsubsection.6.17.3.6}{\376\377\0006\000.\0001\0007\000.\0003\000.\0006\000\040\000g\000e\000t\000t\000h\000r\000e\000s\000h\000o\000l\000d\000\050\000\051}{subsection.6.17.3}% 160
\BOOKMARK [3][-]{subsubsection.6.17.3.7}{\376\377\0006\000.\0001\0007\000.\0003\000.\0007\000\040\000g\000e\000t\000t\000o\000k\000e\000n\000s\000i\000z\000e\000\050\000\051}{subsection.6.17.3}% 161
\BOOKMARK [3][-]{subsubsection.6.17.3.8}{\376\377\0006\000.\0001\0007\000.\0003\000.\0008\000\040\000g\000e\000t\000w\000i\000n\000d\000o\000w\000s\000i\000z\000e\000\050\000\051}{subsection.6.17.3}% 162
\BOOKMARK [3][-]{subsubsection.6.17.3.9}{\376\377\0006\000.\0001\0007\000.\0003\000.\0009\000\040\000r\000u\000n\000\050\000\051}{subsection.6.17.3}% 163
\BOOKMARK [2][-]{subsection.6.17.4}{\376\377\0006\000.\0001\0007\000.\0004\000\040\000M\000e\000m\000b\000e\000r\000\040\000D\000a\000t\000a\000\040\000D\000o\000c\000u\000m\000e\000n\000t\000a\000t\000i\000o\000n}{section.6.17}% 164
\BOOKMARK [3][-]{subsubsection.6.17.4.1}{\376\377\0006\000.\0001\0007\000.\0004\000.\0001\000\040\000a\000v\000e\000r\000a\000g\000e\000a\000u\000t\000h\000e\000n\000t\000i\000c\000a\000t\000i\000o\000n\000p\000r\000o\000b\000a\000b\000i\000l\000i\000t\000y}{subsection.6.17.4}% 165
\BOOKMARK [3][-]{subsubsection.6.17.4.2}{\376\377\0006\000.\0001\0007\000.\0004\000.\0002\000\040\000m\000a\000x\000a\000u\000t\000h\000e\000n\000t\000i\000c\000a\000t\000i\000o\000n\000p\000r\000o\000b\000a\000b\000i\000l\000i\000t\000y}{subsection.6.17.4}% 166
\BOOKMARK [3][-]{subsubsection.6.17.4.3}{\376\377\0006\000.\0001\0007\000.\0004\000.\0003\000\040\000m\000i\000n\000a\000u\000t\000h\000e\000n\000t\000i\000c\000a\000t\000i\000o\000n\000p\000r\000o\000b\000a\000b\000i\000l\000i\000t\000y}{subsection.6.17.4}% 167
\BOOKMARK [1][-]{section.6.18}{\376\377\0006\000.\0001\0008\000\040\000r\000u\000n\000t\000i\000m\000e\000.\000O\000p\000e\000r\000a\000t\000i\000o\000n\000\137\000t\000h\000r\000e\000a\000d\000\040\000C\000l\000a\000s\000s\000\040\000R\000e\000f\000e\000r\000e\000n\000c\000e}{chapter.6}% 168
\BOOKMARK [2][-]{subsection.6.18.1}{\376\377\0006\000.\0001\0008\000.\0001\000\040\000C\000o\000n\000s\000t\000r\000u\000c\000t\000o\000r\000\040\000\046\000\040\000D\000e\000s\000t\000r\000u\000c\000t\000o\000r\000\040\000D\000o\000c\000u\000m\000e\000n\000t\000a\000t\000i\000o\000n}{section.6.18}% 169
\BOOKMARK [3][-]{subsubsection.6.18.1.1}{\376\377\0006\000.\0001\0008\000.\0001\000.\0001\000\040\000O\000p\000e\000r\000a\000t\000i\000o\000n\000t\000h\000r\000e\000a\000d\000\050\000C\000h\000a\000i\000n\000\040\000c\000h\000a\000i\000n\000,\000\040\000C\000o\000m\000p\000u\000t\000a\000t\000i\000o\000n\000\040\000c\000o\000m\000p\000u\000t\000a\000t\000i\000o\000n\000\051}{subsection.6.18.1}% 170
\BOOKMARK [2][-]{subsection.6.18.2}{\376\377\0006\000.\0001\0008\000.\0002\000\040\000M\000e\000m\000b\000e\000r\000\040\000F\000u\000n\000c\000t\000i\000o\000n\000\040\000D\000o\000c\000u\000m\000e\000n\000t\000a\000t\000i\000o\000n}{section.6.18}% 171
\BOOKMARK [3][-]{subsubsection.6.18.2.1}{\376\377\0006\000.\0001\0008\000.\0002\000.\0001\000\040\000r\000u\000n\000\050\000\051}{subsection.6.18.2}% 172
\BOOKMARK [1][-]{section.6.19}{\376\377\0006\000.\0001\0009\000\040\000t\000e\000s\000t\000.\000M\000a\000i\000n\000.\000T\000e\000s\000t\000F\000i\000l\000e\000s\000.\000P\000r\000e\000s\000s\000u\000r\000e\000A\000m\000o\000u\000n\000t\000\040\000E\000n\000u\000m\000\040\000R\000e\000f\000e\000r\000e\000n\000c\000e}{chapter.6}% 173
\BOOKMARK [2][-]{subsection.6.19.1}{\376\377\0006\000.\0001\0009\000.\0001\000\040\000C\000o\000n\000s\000t\000r\000u\000c\000t\000o\000r\000\040\000\046\000\040\000D\000e\000s\000t\000r\000u\000c\000t\000o\000r\000\040\000D\000o\000c\000u\000m\000e\000n\000t\000a\000t\000i\000o\000n}{section.6.19}% 174
\BOOKMARK [3][-]{subsubsection.6.19.1.1}{\376\377\0006\000.\0001\0009\000.\0001\000.\0001\000\040\000P\000r\000e\000s\000s\000u\000r\000e\000A\000m\000o\000u\000n\000t\000\050\000S\000t\000r\000i\000n\000g\000\040\000d\000e\000s\000c\000r\000i\000p\000t\000i\000o\000n\000,\000\040\000i\000n\000t\000\040\000i\000d\000e\000n\000t\000i\000f\000i\000e\000r\000,\000\040\000d\000o\000u\000b\000l\000e\000\040\000v\000a\000l\000u\000e\000\051}{subsection.6.19.1}% 175
\BOOKMARK [2][-]{subsection.6.19.2}{\376\377\0006\000.\0001\0009\000.\0002\000\040\000M\000e\000m\000b\000e\000r\000\040\000F\000u\000n\000c\000t\000i\000o\000n\000\040\000D\000o\000c\000u\000m\000e\000n\000t\000a\000t\000i\000o\000n}{section.6.19}% 176
\BOOKMARK [3][-]{subsubsection.6.19.2.1}{\376\377\0006\000.\0001\0009\000.\0002\000.\0001\000\040\000g\000e\000t\000i\000d\000e\000n\000t\000i\000f\000i\000e\000r\000\050\000\051}{subsection.6.19.2}% 177
\BOOKMARK [3][-]{subsubsection.6.19.2.2}{\376\377\0006\000.\0001\0009\000.\0002\000.\0002\000\040\000g\000e\000t\000v\000a\000l\000u\000e\000\050\000\051}{subsection.6.19.2}% 178
\BOOKMARK [3][-]{subsubsection.6.19.2.3}{\376\377\0006\000.\0001\0009\000.\0002\000.\0003\000\040\000t\000o\000S\000t\000r\000i\000n\000g\000\050\000\051}{subsection.6.19.2}% 179
\BOOKMARK [2][-]{subsection.6.19.3}{\376\377\0006\000.\0001\0009\000.\0003\000\040\000M\000e\000m\000b\000e\000r\000\040\000D\000a\000t\000a\000\040\000D\000o\000c\000u\000m\000e\000n\000t\000a\000t\000i\000o\000n}{section.6.19}% 180
\BOOKMARK [3][-]{subsubsection.6.19.3.1}{\376\377\0006\000.\0001\0009\000.\0003\000.\0001\000\040\000H\000I\000G\000H}{subsection.6.19.3}% 181
\BOOKMARK [3][-]{subsubsection.6.19.3.2}{\376\377\0006\000.\0001\0009\000.\0003\000.\0002\000\040\000L\000O\000W}{subsection.6.19.3}% 182
\BOOKMARK [3][-]{subsubsection.6.19.3.3}{\376\377\0006\000.\0001\0009\000.\0003\000.\0003\000\040\000M\000E\000D\000I\000U\000M}{subsection.6.19.3}% 183
\BOOKMARK [1][-]{section.6.20}{\376\377\0006\000.\0002\0000\000\040\000t\000e\000s\000t\000.\000P\000r\000i\000n\000t\000\137\000m\000o\000d\000e\000l\000\040\000C\000l\000a\000s\000s\000\040\000R\000e\000f\000e\000r\000e\000n\000c\000e}{chapter.6}% 184
\BOOKMARK [2][-]{subsection.6.20.1}{\376\377\0006\000.\0002\0000\000.\0001\000\040\000M\000e\000m\000b\000e\000r\000\040\000F\000u\000n\000c\000t\000i\000o\000n\000\040\000D\000o\000c\000u\000m\000e\000n\000t\000a\000t\000i\000o\000n}{section.6.20}% 185
\BOOKMARK [3][-]{subsubsection.6.20.1.1}{\376\377\0006\000.\0002\0000\000.\0001\000.\0001\000\040\000m\000a\000i\000n\000\050\000S\000t\000r\000i\000n\000g\000[\000]\000\040\000a\000r\000g\000s\000\051}{subsection.6.20.1}% 186
\BOOKMARK [1][-]{section.6.21}{\376\377\0006\000.\0002\0001\000\040\000g\000u\000i\000.\000S\000t\000a\000r\000t\000G\000U\000I\000\040\000C\000l\000a\000s\000s\000\040\000R\000e\000f\000e\000r\000e\000n\000c\000e}{chapter.6}% 187
\BOOKMARK [2][-]{subsection.6.21.1}{\376\377\0006\000.\0002\0001\000.\0001\000\040\000M\000e\000m\000b\000e\000r\000\040\000F\000u\000n\000c\000t\000i\000o\000n\000\040\000D\000o\000c\000u\000m\000e\000n\000t\000a\000t\000i\000o\000n}{section.6.21}% 188
\BOOKMARK [3][-]{subsubsection.6.21.1.1}{\376\377\0006\000.\0002\0001\000.\0001\000.\0001\000\040\000e\000x\000i\000t\000\050\000\051}{subsection.6.21.1}% 189
\BOOKMARK [3][-]{subsubsection.6.21.1.2}{\376\377\0006\000.\0002\0001\000.\0001\000.\0002\000\040\000m\000a\000i\000n\000\050\000S\000t\000r\000i\000n\000g\000[\000]\000\040\000a\000r\000g\000s\000\051}{subsection.6.21.1}% 190
\BOOKMARK [1][-]{section.6.22}{\376\377\0006\000.\0002\0002\000\040\000r\000u\000n\000t\000i\000m\000e\000.\000C\000h\000a\000i\000n\000B\000u\000i\000l\000d\000e\000r\000.\000S\000t\000a\000t\000e\000\040\000E\000n\000u\000m\000\040\000R\000e\000f\000e\000r\000e\000n\000c\000e}{chapter.6}% 191
\BOOKMARK [2][-]{subsection.6.22.1}{\376\377\0006\000.\0002\0002\000.\0001\000\040\000M\000e\000m\000b\000e\000r\000\040\000D\000a\000t\000a\000\040\000D\000o\000c\000u\000m\000e\000n\000t\000a\000t\000i\000o\000n}{section.6.22}% 192
\BOOKMARK [3][-]{subsubsection.6.22.1.1}{\376\377\0006\000.\0002\0002\000.\0001\000.\0001\000\040\000I\000N\000P\000R\000O\000G\000R\000E\000S\000S}{subsection.6.22.1}% 193
\BOOKMARK [3][-]{subsubsection.6.22.1.2}{\376\377\0006\000.\0002\0002\000.\0001\000.\0002\000\040\000S\000U\000C\000C\000E\000S\000S}{subsection.6.22.1}% 194
\BOOKMARK [1][-]{section.6.23}{\376\377\0006\000.\0002\0003\000\040\000d\000a\000t\000a\000\137\000a\000n\000a\000l\000y\000s\000i\000s\000.\000S\000t\000a\000t\000i\000s\000t\000i\000c\000s\000\040\000C\000l\000a\000s\000s\000\040\000R\000e\000f\000e\000r\000e\000n\000c\000e}{chapter.6}% 195
\BOOKMARK [2][-]{subsection.6.23.1}{\376\377\0006\000.\0002\0003\000.\0001\000\040\000M\000e\000m\000b\000e\000r\000\040\000F\000u\000n\000c\000t\000i\000o\000n\000\040\000D\000o\000c\000u\000m\000e\000n\000t\000a\000t\000i\000o\000n}{section.6.23}% 196
\BOOKMARK [3][-]{subsubsection.6.23.1.1}{\376\377\0006\000.\0002\0003\000.\0001\000.\0001\000\040\000a\000u\000t\000h\000e\000n\000t\000i\000c\000a\000t\000i\000o\000n\000a\000c\000c\000u\000r\000a\000c\000y\000\050\000d\000o\000u\000b\000l\000e\000\040\000a\000u\000t\000h\000e\000n\000t\000i\000c\000a\000t\000i\000o\000n\000p\000e\000r\000c\000e\000n\000t\000a\000g\000e\000,\000\040\000L\000i\000s\000t\000<\000\040\000D\000o\000u\000b\000l\000e\000\040\000>\000\040\000s\000h\000o\000u\000l\000d\000a\000u\000t\000h\000e\000n\000t\000i\000c\000a\000t\000e\000p\000e\000r\000c\000e\000n\000t\000a\000g\000e\000s\000,\000\040\000L\000i\000s\000t\000<\000\040\000D\000o\000u\000b\000l\000e\000\040\000>\000\040\000s\000h\000o\000u\000l\000d\000n\000o\000t\000a\000u\000t\000h\000e\000n\000t\000i\000c\000a\000t\000e\000p\000e\000r\000c\000e\000n\000t\000a\000g\000e\000s\000\051}{subsection.6.23.1}% 197
\BOOKMARK [3][-]{subsubsection.6.23.1.2}{\376\377\0006\000.\0002\0003\000.\0001\000.\0002\000\040\000b\000e\000s\000t\000a\000u\000t\000h\000e\000n\000t\000i\000c\000a\000t\000i\000o\000n\000p\000e\000r\000c\000e\000n\000t\000a\000g\000e\000\050\000L\000i\000s\000t\000<\000\040\000D\000o\000u\000b\000l\000e\000\040\000>\000\040\000s\000h\000o\000u\000l\000d\000a\000u\000t\000h\000e\000n\000t\000i\000c\000a\000t\000e\000p\000e\000r\000c\000e\000n\000t\000a\000g\000e\000s\000,\000\040\000L\000i\000s\000t\000<\000\040\000D\000o\000u\000b\000l\000e\000\040\000>\000\040\000s\000h\000o\000u\000l\000d\000n\000o\000t\000a\000u\000t\000h\000e\000n\000t\000i\000c\000a\000t\000e\000p\000e\000r\000c\000e\000n\000t\000a\000g\000e\000s\000\051}{subsection.6.23.1}% 198
\BOOKMARK [3][-]{subsubsection.6.23.1.3}{\376\377\0006\000.\0002\0003\000.\0001\000.\0003\000\040\000e\000q\000u\000a\000l\000f\000a\000l\000s\000e\000p\000o\000s\000i\000t\000i\000v\000e\000n\000e\000g\000a\000t\000i\000v\000e\000a\000u\000t\000h\000e\000n\000t\000i\000c\000a\000t\000i\000o\000n\000p\000e\000r\000c\000e\000n\000t\000a\000g\000e\000\050\000L\000i\000s\000t\000<\000\040\000D\000o\000u\000b\000l\000e\000\040\000>\000\040\000s\000h\000o\000u\000l\000d\000a\000u\000t\000h\000e\000n\000t\000i\000c\000a\000t\000e\000p\000e\000r\000c\000e\000n\000t\000a\000g\000e\000s\000,\000\040\000L\000i\000s\000t\000<\000\040\000D\000o\000u\000b\000l\000e\000\040\000>\000\040\000s\000h\000o\000u\000l\000d\000n\000o\000t\000a\000u\000t\000h\000e\000n\000t\000i\000c\000a\000t\000e\000p\000e\000r\000c\000e\000n\000t\000a\000g\000e\000s\000\051}{subsection.6.23.1}% 199
\BOOKMARK [3][-]{subsubsection.6.23.1.4}{\376\377\0006\000.\0002\0003\000.\0001\000.\0004\000\040\000f\000a\000l\000s\000e\000n\000e\000g\000a\000t\000i\000v\000e\000p\000e\000r\000c\000e\000n\000t\000a\000g\000e\000\050\000d\000o\000u\000b\000l\000e\000\040\000a\000u\000t\000h\000e\000n\000t\000i\000c\000a\000t\000i\000o\000n\000p\000e\000r\000c\000e\000n\000t\000a\000g\000e\000,\000\040\000L\000i\000s\000t\000<\000\040\000D\000o\000u\000b\000l\000e\000\040\000>\000\040\000s\000h\000o\000u\000l\000d\000a\000u\000t\000h\000e\000n\000t\000i\000c\000a\000t\000e\000p\000e\000r\000c\000e\000n\000t\000a\000g\000e\000s\000,\000\040\000L\000i\000s\000t\000<\000\040\000D\000o\000u\000b\000l\000e\000\040\000>\000\040\000s\000h\000o\000u\000l\000d\000n\000o\000t\000a\000u\000t\000h\000e\000n\000t\000i\000c\000a\000t\000e\000p\000e\000r\000c\000e\000n\000t\000a\000g\000e\000s\000\051}{subsection.6.23.1}% 200
\BOOKMARK [3][-]{subsubsection.6.23.1.5}{\376\377\0006\000.\0002\0003\000.\0001\000.\0005\000\040\000f\000a\000l\000s\000e\000p\000o\000s\000i\000t\000i\000v\000e\000p\000e\000r\000c\000e\000n\000t\000a\000g\000e\000\050\000d\000o\000u\000b\000l\000e\000\040\000a\000u\000t\000h\000e\000n\000t\000i\000c\000a\000t\000i\000o\000n\000p\000e\000r\000c\000e\000n\000t\000a\000g\000e\000,\000\040\000L\000i\000s\000t\000<\000\040\000D\000o\000u\000b\000l\000e\000\040\000>\000\040\000s\000h\000o\000u\000l\000d\000a\000u\000t\000h\000e\000n\000t\000i\000c\000a\000t\000e\000p\000e\000r\000c\000e\000n\000t\000a\000g\000e\000s\000,\000\040\000L\000i\000s\000t\000<\000\040\000D\000o\000u\000b\000l\000e\000\040\000>\000\040\000s\000h\000o\000u\000l\000d\000n\000o\000t\000a\000u\000t\000h\000e\000n\000t\000i\000c\000a\000t\000e\000p\000e\000r\000c\000e\000n\000t\000a\000g\000e\000s\000\051}{subsection.6.23.1}% 201
\BOOKMARK [3][-]{subsubsection.6.23.1.6}{\376\377\0006\000.\0002\0003\000.\0001\000.\0006\000\040\000m\000a\000i\000n\000\050\000S\000t\000r\000i\000n\000g\000\040\000a\000r\000g\000s\000[\000]\000\051}{subsection.6.23.1}% 202
\BOOKMARK [3][-]{subsubsection.6.23.1.7}{\376\377\0006\000.\0002\0003\000.\0001\000.\0007\000\040\000m\000i\000n\000i\000m\000i\000z\000e\000f\000a\000l\000s\000e\000p\000o\000s\000i\000t\000i\000v\000e\000a\000u\000t\000h\000e\000n\000t\000i\000c\000a\000t\000i\000o\000n\000p\000e\000r\000c\000e\000n\000t\000a\000g\000e\000\050\000L\000i\000s\000t\000<\000\040\000D\000o\000u\000b\000l\000e\000\040\000>\000\040\000s\000h\000o\000u\000l\000d\000a\000u\000t\000h\000e\000n\000t\000i\000c\000a\000t\000e\000p\000e\000r\000c\000e\000n\000t\000a\000g\000e\000s\000,\000\040\000L\000i\000s\000t\000<\000\040\000D\000o\000u\000b\000l\000e\000\040\000>\000\040\000s\000h\000o\000u\000l\000d\000n\000o\000t\000a\000u\000t\000h\000e\000n\000t\000i\000c\000a\000t\000e\000p\000e\000r\000c\000e\000n\000t\000a\000g\000e\000s\000\051}{subsection.6.23.1}% 203
\BOOKMARK [1][-]{section.6.24}{\376\377\0006\000.\0002\0004\000\040\000c\000o\000m\000p\000o\000n\000e\000n\000t\000s\000.\000T\000o\000k\000e\000n\000\040\000C\000l\000a\000s\000s\000\040\000R\000e\000f\000e\000r\000e\000n\000c\000e}{chapter.6}% 204
\BOOKMARK [2][-]{subsection.6.24.1}{\376\377\0006\000.\0002\0004\000.\0001\000\040\000D\000e\000t\000a\000i\000l\000e\000d\000\040\000D\000e\000s\000c\000r\000i\000p\000t\000i\000o\000n}{section.6.24}% 205
\BOOKMARK [2][-]{subsection.6.24.2}{\376\377\0006\000.\0002\0004\000.\0002\000\040\000C\000o\000n\000s\000t\000r\000u\000c\000t\000o\000r\000\040\000\046\000\040\000D\000e\000s\000t\000r\000u\000c\000t\000o\000r\000\040\000D\000o\000c\000u\000m\000e\000n\000t\000a\000t\000i\000o\000n}{section.6.24}% 206
\BOOKMARK [3][-]{subsubsection.6.24.2.1}{\376\377\0006\000.\0002\0004\000.\0002\000.\0001\000\040\000T\000o\000k\000e\000n\000\050\000D\000i\000s\000t\000r\000i\000b\000u\000t\000i\000o\000n\000\040\000d\000i\000s\000t\000r\000i\000b\000u\000t\000i\000o\000n\000,\000\040\000i\000n\000t\000\040\000t\000o\000t\000a\000l\000t\000o\000k\000e\000n\000s\000,\000\040\000i\000n\000t\000\040\000t\000o\000k\000e\000n\000i\000n\000d\000e\000x\000,\000\040\000d\000o\000u\000b\000l\000e\000\040\000s\000t\000a\000n\000d\000a\000r\000d\000d\000e\000v\000i\000a\000t\000i\000o\000n\000s\000,\000\040\000T\000y\000p\000e\000\040\000t\000y\000p\000e\000\051}{subsection.6.24.2}% 207
\BOOKMARK [3][-]{subsubsection.6.24.2.2}{\376\377\0006\000.\0002\0004\000.\0002\000.\0002\000\040\000T\000o\000k\000e\000n\000\050\000D\000i\000s\000t\000r\000i\000b\000u\000t\000i\000o\000n\000\040\000d\000i\000s\000t\000r\000i\000b\000u\000t\000i\000o\000n\000,\000\040\000i\000n\000t\000\040\000t\000o\000t\000a\000l\000t\000o\000k\000e\000n\000s\000,\000\040\000i\000n\000t\000\040\000t\000o\000k\000e\000n\000i\000n\000d\000e\000x\000,\000\040\000T\000y\000p\000e\000\040\000t\000y\000p\000e\000\051}{subsection.6.24.2}% 208
\BOOKMARK [3][-]{subsubsection.6.24.2.3}{\376\377\0006\000.\0002\0004\000.\0002\000.\0003\000\040\000T\000o\000k\000e\000n\000\050\000d\000o\000u\000b\000l\000e\000\040\000r\000a\000n\000g\000e\000m\000i\000n\000,\000\040\000d\000o\000u\000b\000l\000e\000\040\000r\000a\000n\000g\000e\000m\000a\000x\000,\000\040\000i\000n\000t\000\040\000t\000o\000t\000a\000l\000t\000o\000k\000e\000n\000s\000,\000\040\000i\000n\000t\000\040\000t\000o\000k\000e\000n\000i\000n\000d\000e\000x\000,\000\040\000T\000y\000p\000e\000\040\000t\000y\000p\000e\000\051}{subsection.6.24.2}% 209
\BOOKMARK [2][-]{subsection.6.24.3}{\376\377\0006\000.\0002\0004\000.\0003\000\040\000M\000e\000m\000b\000e\000r\000\040\000F\000u\000n\000c\000t\000i\000o\000n\000\040\000D\000o\000c\000u\000m\000e\000n\000t\000a\000t\000i\000o\000n}{section.6.24}% 210
\BOOKMARK [3][-]{subsubsection.6.24.3.1}{\376\377\0006\000.\0002\0004\000.\0003\000.\0001\000\040\000c\000o\000n\000t\000a\000i\000n\000s\000\050\000T\000o\000u\000c\000h\000\040\000t\000o\000u\000c\000h\000\051}{subsection.6.24.3}% 211
\BOOKMARK [3][-]{subsubsection.6.24.3.2}{\376\377\0006\000.\0002\0004\000.\0003\000.\0002\000\040\000e\000q\000u\000a\000l\000s\000\050\000O\000b\000j\000e\000c\000t\000\040\000o\000t\000\051}{subsection.6.24.3}% 212
\BOOKMARK [3][-]{subsubsection.6.24.3.3}{\376\377\0006\000.\0002\0004\000.\0003\000.\0003\000\040\000g\000e\000t\000a\000c\000c\000e\000p\000t\000a\000b\000l\000e\000w\000i\000l\000d\000c\000a\000r\000d\000s\000\050\000i\000n\000t\000\040\000t\000o\000t\000a\000l\000i\000t\000e\000m\000s\000\051}{subsection.6.24.3}% 213
\BOOKMARK [3][-]{subsubsection.6.24.3.4}{\376\377\0006\000.\0002\0004\000.\0003\000.\0004\000\040\000g\000e\000t\000m\000a\000x\000\050\000\051}{subsection.6.24.3}% 214
\BOOKMARK [3][-]{subsubsection.6.24.3.5}{\376\377\0006\000.\0002\0004\000.\0003\000.\0005\000\040\000g\000e\000t\000m\000i\000n\000\050\000\051}{subsection.6.24.3}% 215
\BOOKMARK [3][-]{subsubsection.6.24.3.6}{\376\377\0006\000.\0002\0004\000.\0003\000.\0006\000\040\000g\000e\000t\000t\000o\000t\000a\000l\000w\000i\000l\000d\000c\000a\000r\000d\000s\000\050\000\051}{subsection.6.24.3}% 216
\BOOKMARK [3][-]{subsubsection.6.24.3.7}{\376\377\0006\000.\0002\0004\000.\0003\000.\0007\000\040\000i\000n\000c\000r\000e\000m\000e\000n\000t\000h\000i\000g\000h\000w\000i\000l\000d\000c\000a\000r\000d\000s\000\050\000\051}{subsection.6.24.3}% 217
\BOOKMARK [3][-]{subsubsection.6.24.3.8}{\376\377\0006\000.\0002\0004\000.\0003\000.\0008\000\040\000i\000n\000c\000r\000e\000m\000e\000n\000t\000l\000o\000w\000w\000i\000l\000d\000c\000a\000r\000d\000s\000\050\000\051}{subsection.6.24.3}% 218
\BOOKMARK [3][-]{subsubsection.6.24.3.9}{\376\377\0006\000.\0002\0004\000.\0003\000.\0009\000\040\000i\000s\000h\000i\000g\000h\000w\000i\000l\000d\000c\000a\000r\000d\000\050\000T\000o\000u\000c\000h\000\040\000t\000o\000u\000c\000h\000\051}{subsection.6.24.3}% 219
\BOOKMARK [3][-]{subsubsection.6.24.3.10}{\376\377\0006\000.\0002\0004\000.\0003\000.\0001\0000\000\040\000i\000s\000l\000o\000w\000w\000i\000l\000d\000c\000a\000r\000d\000\050\000T\000o\000u\000c\000h\000\040\000t\000o\000u\000c\000h\000\051}{subsection.6.24.3}% 220
\BOOKMARK [1][-]{section.6.25}{\376\377\0006\000.\0002\0005\000\040\000c\000o\000m\000p\000o\000n\000e\000n\000t\000s\000.\000T\000o\000u\000c\000h\000\040\000C\000l\000a\000s\000s\000\040\000R\000e\000f\000e\000r\000e\000n\000c\000e}{chapter.6}% 221
\BOOKMARK [2][-]{subsection.6.25.1}{\376\377\0006\000.\0002\0005\000.\0001\000\040\000D\000e\000t\000a\000i\000l\000e\000d\000\040\000D\000e\000s\000c\000r\000i\000p\000t\000i\000o\000n}{section.6.25}% 222
\BOOKMARK [2][-]{subsection.6.25.2}{\376\377\0006\000.\0002\0005\000.\0002\000\040\000C\000o\000n\000s\000t\000r\000u\000c\000t\000o\000r\000\040\000\046\000\040\000D\000e\000s\000t\000r\000u\000c\000t\000o\000r\000\040\000D\000o\000c\000u\000m\000e\000n\000t\000a\000t\000i\000o\000n}{section.6.25}% 223
\BOOKMARK [3][-]{subsubsection.6.25.2.1}{\376\377\0006\000.\0002\0005\000.\0002\000.\0001\000\040\000T\000o\000u\000c\000h\000\050\000i\000n\000t\000\040\000k\000e\000y\000c\000o\000d\000e\000,\000\040\000d\000o\000u\000b\000l\000e\000\040\000p\000r\000e\000s\000s\000u\000r\000e\000,\000\040\000l\000o\000n\000g\000\040\000t\000i\000m\000e\000s\000t\000a\000m\000p\000\051}{subsection.6.25.2}% 224
\BOOKMARK [3][-]{subsubsection.6.25.2.2}{\376\377\0006\000.\0002\0005\000.\0002\000.\0002\000\040\000T\000o\000u\000c\000h\000\050\000T\000o\000u\000c\000h\000\040\000t\000\051}{subsection.6.25.2}% 225
\BOOKMARK [2][-]{subsection.6.25.3}{\376\377\0006\000.\0002\0005\000.\0003\000\040\000M\000e\000m\000b\000e\000r\000\040\000F\000u\000n\000c\000t\000i\000o\000n\000\040\000D\000o\000c\000u\000m\000e\000n\000t\000a\000t\000i\000o\000n}{section.6.25}% 226
\BOOKMARK [3][-]{subsubsection.6.25.3.1}{\376\377\0006\000.\0002\0005\000.\0003\000.\0001\000\040\000c\000o\000m\000p\000a\000r\000e\000w\000i\000t\000h\000t\000o\000k\000e\000n\000\050\000L\000i\000s\000t\000<\000\040\000T\000o\000k\000e\000n\000\040\000>\000\040\000t\000o\000k\000e\000n\000s\000,\000\040\000T\000o\000u\000c\000h\000\040\000o\000t\000h\000e\000r\000t\000o\000u\000c\000h\000\051}{subsection.6.25.3}% 227
\BOOKMARK [3][-]{subsubsection.6.25.3.2}{\376\377\0006\000.\0002\0005\000.\0003\000.\0002\000\040\000c\000o\000m\000p\000a\000r\000e\000T\000o\000\050\000T\000o\000u\000c\000h\000\040\000o\000t\000h\000e\000r\000t\000o\000u\000c\000h\000\051}{subsection.6.25.3}% 228
\BOOKMARK [3][-]{subsubsection.6.25.3.3}{\376\377\0006\000.\0002\0005\000.\0003\000.\0003\000\040\000g\000e\000t\000k\000e\000y\000\050\000\051}{subsection.6.25.3}% 229
\BOOKMARK [3][-]{subsubsection.6.25.3.4}{\376\377\0006\000.\0002\0005\000.\0003\000.\0004\000\040\000g\000e\000t\000p\000r\000e\000s\000s\000u\000r\000e\000\050\000\051}{subsection.6.25.3}% 230
\BOOKMARK [3][-]{subsubsection.6.25.3.5}{\376\377\0006\000.\0002\0005\000.\0003\000.\0005\000\040\000g\000e\000t\000p\000r\000o\000b\000a\000b\000i\000l\000i\000t\000y\000\050\000W\000i\000n\000d\000o\000w\000\040\000p\000r\000e\000c\000e\000e\000d\000i\000n\000g\000w\000i\000n\000d\000o\000w\000\051}{subsection.6.25.3}% 231
\BOOKMARK [3][-]{subsubsection.6.25.3.6}{\376\377\0006\000.\0002\0005\000.\0003\000.\0006\000\040\000g\000e\000t\000t\000i\000m\000e\000s\000t\000a\000m\000p\000\050\000\051}{subsection.6.25.3}% 232
\BOOKMARK [3][-]{subsubsection.6.25.3.7}{\376\377\0006\000.\0002\0005\000.\0003\000.\0007\000\040\000h\000a\000s\000h\000C\000o\000d\000e\000\050\000\051}{subsection.6.25.3}% 233
\BOOKMARK [3][-]{subsubsection.6.25.3.8}{\376\377\0006\000.\0002\0005\000.\0003\000.\0008\000\040\000s\000e\000t\000p\000r\000o\000b\000a\000b\000i\000l\000i\000t\000y\000\050\000W\000i\000n\000d\000o\000w\000\040\000p\000r\000e\000c\000e\000e\000d\000i\000n\000g\000w\000i\000n\000d\000o\000w\000,\000\040\000d\000o\000u\000b\000l\000e\000\040\000p\000\051}{subsection.6.25.3}% 234
\BOOKMARK [3][-]{subsubsection.6.25.3.9}{\376\377\0006\000.\0002\0005\000.\0003\000.\0009\000\040\000t\000o\000S\000t\000r\000i\000n\000g\000\050\000\051}{subsection.6.25.3}% 235
\BOOKMARK [1][-]{section.6.26}{\376\377\0006\000.\0002\0006\000\040\000t\000r\000i\000e\000.\000T\000r\000i\000e\000\040\000C\000l\000a\000s\000s\000\040\000R\000e\000f\000e\000r\000e\000n\000c\000e}{chapter.6}% 236
\BOOKMARK [2][-]{subsection.6.26.1}{\376\377\0006\000.\0002\0006\000.\0001\000\040\000D\000e\000t\000a\000i\000l\000e\000d\000\040\000D\000e\000s\000c\000r\000i\000p\000t\000i\000o\000n}{section.6.26}% 237
\BOOKMARK [2][-]{subsection.6.26.2}{\376\377\0006\000.\0002\0006\000.\0002\000\040\000C\000o\000n\000s\000t\000r\000u\000c\000t\000o\000r\000\040\000\046\000\040\000D\000e\000s\000t\000r\000u\000c\000t\000o\000r\000\040\000D\000o\000c\000u\000m\000e\000n\000t\000a\000t\000i\000o\000n}{section.6.26}% 238
\BOOKMARK [3][-]{subsubsection.6.26.2.1}{\376\377\0006\000.\0002\0006\000.\0002\000.\0001\000\040\000T\000r\000i\000e\000\050\000\051}{subsection.6.26.2}% 239
\BOOKMARK [3][-]{subsubsection.6.26.2.2}{\376\377\0006\000.\0002\0006\000.\0002\000.\0002\000\040\000T\000r\000i\000e\000\050\000T\000r\000i\000e\000\040\000t\000\051}{subsection.6.26.2}% 240
\BOOKMARK [2][-]{subsection.6.26.3}{\376\377\0006\000.\0002\0006\000.\0003\000\040\000M\000e\000m\000b\000e\000r\000\040\000F\000u\000n\000c\000t\000i\000o\000n\000\040\000D\000o\000c\000u\000m\000e\000n\000t\000a\000t\000i\000o\000n}{section.6.26}% 241
\BOOKMARK [3][-]{subsubsection.6.26.3.1}{\376\377\0006\000.\0002\0006\000.\0003\000.\0001\000\040\000c\000l\000e\000a\000r\000\050\000\051}{subsection.6.26.3}% 242
\BOOKMARK [3][-]{subsubsection.6.26.3.2}{\376\377\0006\000.\0002\0006\000.\0003\000.\0002\000\040\000g\000e\000t\000i\000n\000d\000e\000x\000l\000i\000s\000t\000\050\000S\000t\000r\000i\000n\000g\000\040\000s\000\051}{subsection.6.26.3}% 243
\BOOKMARK [3][-]{subsubsection.6.26.3.3}{\376\377\0006\000.\0002\0006\000.\0003\000.\0003\000\040\000i\000n\000s\000e\000r\000t\000S\000t\000r\000i\000n\000g\000\050\000S\000t\000r\000i\000n\000g\000\040\000s\000,\000\040\000i\000n\000t\000\040\000i\000n\000d\000e\000x\000\051}{subsection.6.26.3}% 244
\BOOKMARK [3][-]{subsubsection.6.26.3.4}{\376\377\0006\000.\0002\0006\000.\0003\000.\0004\000\040\000o\000c\000c\000u\000r\000r\000e\000n\000c\000e\000c\000o\000u\000n\000t\000\050\000S\000t\000r\000i\000n\000g\000\040\000s\000\051}{subsection.6.26.3}% 245
\BOOKMARK [3][-]{subsubsection.6.26.3.5}{\376\377\0006\000.\0002\0006\000.\0003\000.\0005\000\040\000p\000r\000i\000n\000t\000S\000o\000r\000t\000e\000d\000\050\000T\000r\000i\000e\000N\000o\000d\000e\000\040\000n\000o\000d\000e\000,\000\040\000S\000t\000r\000i\000n\000g\000\040\000s\000\051}{subsection.6.26.3}% 246
\BOOKMARK [1][-]{section.6.27}{\376\377\0006\000.\0002\0007\000\040\000t\000r\000i\000e\000.\000T\000r\000i\000e\000L\000i\000s\000t\000\040\000C\000l\000a\000s\000s\000\040\000R\000e\000f\000e\000r\000e\000n\000c\000e}{chapter.6}% 247
\BOOKMARK [2][-]{subsection.6.27.1}{\376\377\0006\000.\0002\0007\000.\0001\000\040\000D\000e\000t\000a\000i\000l\000e\000d\000\040\000D\000e\000s\000c\000r\000i\000p\000t\000i\000o\000n}{section.6.27}% 248
\BOOKMARK [2][-]{subsection.6.27.2}{\376\377\0006\000.\0002\0007\000.\0002\000\040\000C\000o\000n\000s\000t\000r\000u\000c\000t\000o\000r\000\040\000\046\000\040\000D\000e\000s\000t\000r\000u\000c\000t\000o\000r\000\040\000D\000o\000c\000u\000m\000e\000n\000t\000a\000t\000i\000o\000n}{section.6.27}% 249
\BOOKMARK [3][-]{subsubsection.6.27.2.1}{\376\377\0006\000.\0002\0007\000.\0002\000.\0001\000\040\000T\000r\000i\000e\000L\000i\000s\000t\000\050\000\051}{subsection.6.27.2}% 250
\BOOKMARK [3][-]{subsubsection.6.27.2.2}{\376\377\0006\000.\0002\0007\000.\0002\000.\0002\000\040\000T\000r\000i\000e\000L\000i\000s\000t\000\050\000T\000r\000i\000e\000L\000i\000s\000t\000\040\000t\000\051}{subsection.6.27.2}% 251
\BOOKMARK [2][-]{subsection.6.27.3}{\376\377\0006\000.\0002\0007\000.\0003\000\040\000M\000e\000m\000b\000e\000r\000\040\000F\000u\000n\000c\000t\000i\000o\000n\000\040\000D\000o\000c\000u\000m\000e\000n\000t\000a\000t\000i\000o\000n}{section.6.27}% 252
\BOOKMARK [3][-]{subsubsection.6.27.3.1}{\376\377\0006\000.\0002\0007\000.\0003\000.\0001\000\040\000a\000d\000d\000\050\000W\000i\000n\000d\000o\000w\000\040\000a\000r\000g\0000\000\051}{subsection.6.27.3}% 253
\BOOKMARK [3][-]{subsubsection.6.27.3.2}{\376\377\0006\000.\0002\0007\000.\0003\000.\0002\000\040\000a\000d\000d\000\050\000i\000n\000t\000\040\000a\000r\000g\0000\000,\000\040\000W\000i\000n\000d\000o\000w\000\040\000a\000r\000g\0001\000\051}{subsection.6.27.3}% 254
\BOOKMARK [3][-]{subsubsection.6.27.3.3}{\376\377\0006\000.\0002\0007\000.\0003\000.\0003\000\040\000a\000d\000d\000A\000l\000l\000\050\000C\000o\000l\000l\000e\000c\000t\000i\000o\000n\000<\000?\000e\000x\000t\000e\000n\000d\000s\000\040\000W\000i\000n\000d\000o\000w\000\040\000>\000\040\000a\000r\000g\0000\000\051}{subsection.6.27.3}% 255
\BOOKMARK [3][-]{subsubsection.6.27.3.4}{\376\377\0006\000.\0002\0007\000.\0003\000.\0004\000\040\000a\000d\000d\000A\000l\000l\000\050\000i\000n\000t\000\040\000a\000r\000g\0000\000,\000\040\000C\000o\000l\000l\000e\000c\000t\000i\000o\000n\000<\000?\000e\000x\000t\000e\000n\000d\000s\000\040\000W\000i\000n\000d\000o\000w\000\040\000>\000\040\000a\000r\000g\0001\000\051}{subsection.6.27.3}% 256
\BOOKMARK [3][-]{subsubsection.6.27.3.5}{\376\377\0006\000.\0002\0007\000.\0003\000.\0005\000\040\000c\000l\000e\000a\000r\000\050\000\051}{subsection.6.27.3}% 257
\BOOKMARK [3][-]{subsubsection.6.27.3.6}{\376\377\0006\000.\0002\0007\000.\0003\000.\0006\000\040\000o\000c\000c\000u\000r\000r\000e\000n\000c\000e\000c\000o\000u\000n\000t\000\050\000W\000i\000n\000d\000o\000w\000\040\000w\000\051}{subsection.6.27.3}% 258
\BOOKMARK [3][-]{subsubsection.6.27.3.7}{\376\377\0006\000.\0002\0007\000.\0003\000.\0007\000\040\000r\000e\000m\000o\000v\000e\000\050\000O\000b\000j\000e\000c\000t\000\040\000a\000r\000g\0000\000\051}{subsection.6.27.3}% 259
\BOOKMARK [3][-]{subsubsection.6.27.3.8}{\376\377\0006\000.\0002\0007\000.\0003\000.\0008\000\040\000r\000e\000m\000o\000v\000e\000\050\000i\000n\000t\000\040\000a\000r\000g\0000\000\051}{subsection.6.27.3}% 260
\BOOKMARK [3][-]{subsubsection.6.27.3.9}{\376\377\0006\000.\0002\0007\000.\0003\000.\0009\000\040\000r\000e\000m\000o\000v\000e\000A\000l\000l\000\050\000C\000o\000l\000l\000e\000c\000t\000i\000o\000n\000<\000?\000>\000\040\000a\000r\000g\0000\000\051}{subsection.6.27.3}% 261
\BOOKMARK [3][-]{subsubsection.6.27.3.10}{\376\377\0006\000.\0002\0007\000.\0003\000.\0001\0000\000\040\000r\000e\000t\000a\000i\000n\000A\000l\000l\000\050\000C\000o\000l\000l\000e\000c\000t\000i\000o\000n\000<\000?\000>\000\040\000a\000r\000g\0000\000\051}{subsection.6.27.3}% 262
\BOOKMARK [3][-]{subsubsection.6.27.3.11}{\376\377\0006\000.\0002\0007\000.\0003\000.\0001\0001\000\040\000s\000e\000t\000\050\000i\000n\000t\000\040\000a\000r\000g\0000\000,\000\040\000W\000i\000n\000d\000o\000w\000\040\000a\000r\000g\0001\000\051}{subsection.6.27.3}% 263
\BOOKMARK [3][-]{subsubsection.6.27.3.12}{\376\377\0006\000.\0002\0007\000.\0003\000.\0001\0002\000\040\000s\000e\000t\000t\000o\000k\000e\000n\000s\000\050\000L\000i\000s\000t\000<\000\040\000T\000o\000k\000e\000n\000\040\000>\000\040\000t\000o\000k\000e\000n\000s\000\051}{subsection.6.27.3}% 264
\BOOKMARK [3][-]{subsubsection.6.27.3.13}{\376\377\0006\000.\0002\0007\000.\0003\000.\0001\0003\000\040\000s\000u\000c\000c\000e\000s\000s\000o\000r\000c\000o\000u\000n\000t\000\050\000L\000i\000s\000t\000<\000\040\000T\000o\000u\000c\000h\000\040\000>\000\040\000s\000u\000c\000c\000e\000s\000s\000o\000r\000l\000i\000s\000t\000,\000\040\000W\000i\000n\000d\000o\000w\000\040\000w\000i\000n\000d\000o\000w\000,\000\040\000T\000o\000u\000c\000h\000\040\000t\000o\000u\000c\000h\000\051}{subsection.6.27.3}% 265
\BOOKMARK [1][-]{section.6.28}{\376\377\0006\000.\0002\0008\000\040\000c\000o\000m\000p\000o\000n\000e\000n\000t\000s\000.\000T\000o\000k\000e\000n\000.\000T\000y\000p\000e\000\040\000E\000n\000u\000m\000\040\000R\000e\000f\000e\000r\000e\000n\000c\000e}{chapter.6}% 266
\BOOKMARK [2][-]{subsection.6.28.1}{\376\377\0006\000.\0002\0008\000.\0001\000\040\000D\000e\000t\000a\000i\000l\000e\000d\000\040\000D\000e\000s\000c\000r\000i\000p\000t\000i\000o\000n}{section.6.28}% 267
\BOOKMARK [2][-]{subsection.6.28.2}{\376\377\0006\000.\0002\0008\000.\0002\000\040\000M\000e\000m\000b\000e\000r\000\040\000D\000a\000t\000a\000\040\000D\000o\000c\000u\000m\000e\000n\000t\000a\000t\000i\000o\000n}{section.6.28}% 268
\BOOKMARK [3][-]{subsubsection.6.28.2.1}{\376\377\0006\000.\0002\0008\000.\0002\000.\0001\000\040\000c\000o\000m\000b\000i\000n\000e\000d}{subsection.6.28.2}% 269
\BOOKMARK [3][-]{subsubsection.6.28.2.2}{\376\377\0006\000.\0002\0008\000.\0002\000.\0002\000\040\000k\000e\000y\000c\000o\000d\000e\000m\000u}{subsection.6.28.2}% 270
\BOOKMARK [3][-]{subsubsection.6.28.2.3}{\376\377\0006\000.\0002\0008\000.\0002\000.\0003\000\040\000l\000i\000n\000e\000a\000r}{subsection.6.28.2}% 271
\BOOKMARK [1][-]{section.6.29}{\376\377\0006\000.\0002\0009\000\040\000j\000u\000n\000i\000t\000.\000U\000n\000i\000t\000\137\000C\000o\000m\000p\000a\000r\000e\000C\000h\000a\000i\000n\000s\000R\000a\000n\000k\000\040\000C\000l\000a\000s\000s\000\040\000R\000e\000f\000e\000r\000e\000n\000c\000e}{chapter.6}% 272
\BOOKMARK [2][-]{subsection.6.29.1}{\376\377\0006\000.\0002\0009\000.\0001\000\040\000D\000e\000t\000a\000i\000l\000e\000d\000\040\000D\000e\000s\000c\000r\000i\000p\000t\000i\000o\000n}{section.6.29}% 273
\BOOKMARK [2][-]{subsection.6.29.2}{\376\377\0006\000.\0002\0009\000.\0002\000\040\000M\000e\000m\000b\000e\000r\000\040\000F\000u\000n\000c\000t\000i\000o\000n\000\040\000D\000o\000c\000u\000m\000e\000n\000t\000a\000t\000i\000o\000n}{section.6.29}% 274
\BOOKMARK [3][-]{subsubsection.6.29.2.1}{\376\377\0006\000.\0002\0009\000.\0002\000.\0001\000\040\000i\000n\000i\000t\000\050\000\051}{subsection.6.29.2}% 275
\BOOKMARK [3][-]{subsubsection.6.29.2.2}{\376\377\0006\000.\0002\0009\000.\0002\000.\0002\000\040\000t\000e\000s\000t\000a\000u\000t\000h\000e\000n\000t\000i\000c\000a\000t\000i\000o\000n\000p\000r\000o\000b\000a\000b\000i\000l\000i\000t\000y\000\050\000\051}{subsection.6.29.2}% 276
\BOOKMARK [1][-]{section.6.30}{\376\377\0006\000.\0003\0000\000\040\000j\000u\000n\000i\000t\000.\000U\000n\000i\000t\000\137\000C\000o\000m\000p\000l\000e\000t\000e\000P\000r\000o\000b\000a\000b\000i\000l\000i\000t\000y\000\040\000C\000l\000a\000s\000s\000\040\000R\000e\000f\000e\000r\000e\000n\000c\000e}{chapter.6}% 277
\BOOKMARK [2][-]{subsection.6.30.1}{\376\377\0006\000.\0003\0000\000.\0001\000\040\000M\000e\000m\000b\000e\000r\000\040\000F\000u\000n\000c\000t\000i\000o\000n\000\040\000D\000o\000c\000u\000m\000e\000n\000t\000a\000t\000i\000o\000n}{section.6.30}% 278
\BOOKMARK [3][-]{subsubsection.6.30.1.1}{\376\377\0006\000.\0003\0000\000.\0001\000.\0001\000\040\000i\000n\000i\000t\000\050\000\051}{subsection.6.30.1}% 279
\BOOKMARK [3][-]{subsubsection.6.30.1.2}{\376\377\0006\000.\0003\0000\000.\0001\000.\0002\000\040\000t\000e\000s\000t\000r\000e\000p\000l\000i\000c\000a\000d\000i\000s\000t\000r\000i\000b\000u\000t\000i\000o\000n\000\050\000\051}{subsection.6.30.1}% 280
\BOOKMARK [1][-]{section.6.31}{\376\377\0006\000.\0003\0001\000\040\000t\000e\000s\000t\000.\000U\000n\000i\000t\000C\000o\000m\000p\000a\000r\000e\000C\000h\000a\000i\000n\000s\000R\000a\000n\000k\000\040\000C\000l\000a\000s\000s\000\040\000R\000e\000f\000e\000r\000e\000n\000c\000e}{chapter.6}% 281
\BOOKMARK [2][-]{subsection.6.31.1}{\376\377\0006\000.\0003\0001\000.\0001\000\040\000M\000e\000m\000b\000e\000r\000\040\000F\000u\000n\000c\000t\000i\000o\000n\000\040\000D\000o\000c\000u\000m\000e\000n\000t\000a\000t\000i\000o\000n}{section.6.31}% 282
\BOOKMARK [3][-]{subsubsection.6.31.1.1}{\376\377\0006\000.\0003\0001\000.\0001\000.\0001\000\040\000i\000n\000i\000t\000\050\000\051}{subsection.6.31.1}% 283
\BOOKMARK [3][-]{subsubsection.6.31.1.2}{\376\377\0006\000.\0003\0001\000.\0001\000.\0002\000\040\000t\000e\000s\000t\000\050\000\051}{subsection.6.31.1}% 284
\BOOKMARK [3][-]{subsubsection.6.31.1.3}{\376\377\0006\000.\0003\0001\000.\0001\000.\0003\000\040\000t\000e\000s\000t\000c\000h\000a\000i\000n\000t\000o\000g\000r\000a\000p\000h\000\050\000\051}{subsection.6.31.1}% 285
\BOOKMARK [3][-]{subsubsection.6.31.1.4}{\376\377\0006\000.\0003\0001\000.\0001\000.\0004\000\040\000t\000e\000s\000t\000t\000o\000u\000c\000h\000i\000n\000d\000e\000x\000\050\000\051}{subsection.6.31.1}% 286
\BOOKMARK [3][-]{subsubsection.6.31.1.5}{\376\377\0006\000.\0003\0001\000.\0001\000.\0005\000\040\000t\000e\000s\000t\000t\000o\000u\000c\000h\000w\000i\000n\000d\000o\000w\000\050\000\051}{subsection.6.31.1}% 287
\BOOKMARK [1][-]{section.6.32}{\376\377\0006\000.\0003\0002\000\040\000t\000e\000s\000t\000.\000U\000n\000i\000t\000R\000a\000n\000k\000C\000o\000m\000p\000a\000r\000e\000\040\000C\000l\000a\000s\000s\000\040\000R\000e\000f\000e\000r\000e\000n\000c\000e}{chapter.6}% 288
\BOOKMARK [2][-]{subsection.6.32.1}{\376\377\0006\000.\0003\0002\000.\0001\000\040\000D\000e\000t\000a\000i\000l\000e\000d\000\040\000D\000e\000s\000c\000r\000i\000p\000t\000i\000o\000n}{section.6.32}% 289
\BOOKMARK [2][-]{subsection.6.32.2}{\376\377\0006\000.\0003\0002\000.\0002\000\040\000M\000e\000m\000b\000e\000r\000\040\000F\000u\000n\000c\000t\000i\000o\000n\000\040\000D\000o\000c\000u\000m\000e\000n\000t\000a\000t\000i\000o\000n}{section.6.32}% 290
\BOOKMARK [3][-]{subsubsection.6.32.2.1}{\376\377\0006\000.\0003\0002\000.\0002\000.\0001\000\040\000i\000n\000i\000t\000\050\000\051}{subsection.6.32.2}% 291
\BOOKMARK [3][-]{subsubsection.6.32.2.2}{\376\377\0006\000.\0003\0002\000.\0002\000.\0002\000\040\000t\000e\000s\000t\000\050\000\051}{subsection.6.32.2}% 292
\BOOKMARK [3][-]{subsubsection.6.32.2.3}{\376\377\0006\000.\0003\0002\000.\0002\000.\0003\000\040\000t\000e\000s\000t\000a\000u\000t\000h\000p\000r\000o\000b\000a\000b\000i\000l\000i\000t\000y\000\050\000\051}{subsection.6.32.2}% 293
\BOOKMARK [3][-]{subsubsection.6.32.2.4}{\376\377\0006\000.\0003\0002\000.\0002\000.\0004\000\040\000t\000e\000s\000t\000c\000o\000m\000p\000a\000r\000e\000c\000o\000r\000r\000e\000c\000t\000\050\000\051}{subsection.6.32.2}% 294
\BOOKMARK [1][-]{section.6.33}{\376\377\0006\000.\0003\0003\000\040\000c\000o\000m\000p\000o\000n\000e\000n\000t\000s\000.\000W\000i\000n\000d\000o\000w\000\040\000C\000l\000a\000s\000s\000\040\000R\000e\000f\000e\000r\000e\000n\000c\000e}{chapter.6}% 295
\BOOKMARK [2][-]{subsection.6.33.1}{\376\377\0006\000.\0003\0003\000.\0001\000\040\000D\000e\000t\000a\000i\000l\000e\000d\000\040\000D\000e\000s\000c\000r\000i\000p\000t\000i\000o\000n}{section.6.33}% 296
\BOOKMARK [2][-]{subsection.6.33.2}{\376\377\0006\000.\0003\0003\000.\0002\000\040\000C\000o\000n\000s\000t\000r\000u\000c\000t\000o\000r\000\040\000\046\000\040\000D\000e\000s\000t\000r\000u\000c\000t\000o\000r\000\040\000D\000o\000c\000u\000m\000e\000n\000t\000a\000t\000i\000o\000n}{section.6.33}% 297
\BOOKMARK [3][-]{subsubsection.6.33.2.1}{\376\377\0006\000.\0003\0003\000.\0002\000.\0001\000\040\000W\000i\000n\000d\000o\000w\000\050\000L\000i\000s\000t\000<\000\040\000T\000o\000u\000c\000h\000\040\000>\000\040\000t\000o\000u\000c\000h\000e\000s\000\051}{subsection.6.33.2}% 298
\BOOKMARK [3][-]{subsubsection.6.33.2.2}{\376\377\0006\000.\0003\0003\000.\0002\000.\0002\000\040\000W\000i\000n\000d\000o\000w\000\050\000W\000i\000n\000d\000o\000w\000\040\000w\000\051}{subsection.6.33.2}% 299
\BOOKMARK [2][-]{subsection.6.33.3}{\376\377\0006\000.\0003\0003\000.\0003\000\040\000M\000e\000m\000b\000e\000r\000\040\000F\000u\000n\000c\000t\000i\000o\000n\000\040\000D\000o\000c\000u\000m\000e\000n\000t\000a\000t\000i\000o\000n}{section.6.33}% 300
\BOOKMARK [3][-]{subsubsection.6.33.3.1}{\376\377\0006\000.\0003\0003\000.\0003\000.\0001\000\040\000c\000o\000m\000p\000a\000r\000e\000w\000i\000t\000h\000t\000o\000k\000e\000n\000\050\000L\000i\000s\000t\000<\000\040\000T\000o\000k\000e\000n\000\040\000>\000\040\000t\000o\000k\000e\000n\000s\000,\000\040\000W\000i\000n\000d\000o\000w\000\040\000o\000t\000h\000e\000r\000w\000i\000n\000d\000o\000w\000\051}{subsection.6.33.3}% 301
\BOOKMARK [3][-]{subsubsection.6.33.3.2}{\376\377\0006\000.\0003\0003\000.\0003\000.\0002\000\040\000c\000o\000m\000p\000a\000r\000e\000T\000o\000\050\000W\000i\000n\000d\000o\000w\000\040\000o\000t\000h\000e\000r\000w\000i\000n\000d\000o\000w\000\051}{subsection.6.33.3}% 302
\BOOKMARK [3][-]{subsubsection.6.33.3.3}{\376\377\0006\000.\0003\0003\000.\0003\000.\0003\000\040\000g\000e\000t\000t\000o\000u\000c\000h\000l\000i\000s\000t\000\050\000\051}{subsection.6.33.3}% 303
\BOOKMARK [3][-]{subsubsection.6.33.3.4}{\376\377\0006\000.\0003\0003\000.\0003\000.\0004\000\040\000h\000a\000s\000h\000C\000o\000d\000e\000\050\000\051}{subsection.6.33.3}% 304
\BOOKMARK [3][-]{subsubsection.6.33.3.5}{\376\377\0006\000.\0003\0003\000.\0003\000.\0005\000\040\000s\000i\000z\000e\000\050\000\051}{subsection.6.33.3}% 305
\BOOKMARK [3][-]{subsubsection.6.33.3.6}{\376\377\0006\000.\0003\0003\000.\0003\000.\0006\000\040\000t\000o\000S\000t\000r\000i\000n\000g\000\050\000\051}{subsection.6.33.3}% 306
\BOOKMARK [0][-]{chapter.7}{\376\377\0007\000\040\000F\000i\000l\000e\000\040\000D\000o\000c\000u\000m\000e\000n\000t\000a\000t\000i\000o\000n}{}% 307
\BOOKMARK [1][-]{section.7.1}{\376\377\0007\000.\0001\000\040\000/\000h\000o\000m\000e\000/\000e\000l\000e\000m\000e\000n\000t\000/\000P\000U\000F\000/\000K\000e\000y\000b\000o\000a\000r\000d\000/\000j\000a\000v\000a\000\137\000s\000c\000r\000i\000p\000t\000s\000/\000j\000a\000v\000a\000\137\000m\000a\000r\000c\000o\000v\000\137\000m\000o\000d\000e\000l\000/\000s\000r\000c\000/\000c\000o\000m\000p\000o\000n\000e\000n\000t\000s\000/\000C\000h\000a\000i\000n\000.\000j\000a\000v\000a\000\040\000F\000i\000l\000e\000\040\000R\000e\000f\000e\000r\000e\000n\000c\000e}{chapter.7}% 308
\BOOKMARK [1][-]{section.7.2}{\376\377\0007\000.\0002\000\040\000/\000h\000o\000m\000e\000/\000e\000l\000e\000m\000e\000n\000t\000/\000P\000U\000F\000/\000K\000e\000y\000b\000o\000a\000r\000d\000/\000j\000a\000v\000a\000\137\000s\000c\000r\000i\000p\000t\000s\000/\000j\000a\000v\000a\000\137\000m\000a\000r\000c\000o\000v\000\137\000m\000o\000d\000e\000l\000/\000s\000r\000c\000/\000c\000o\000m\000p\000o\000n\000e\000n\000t\000s\000/\000D\000i\000s\000t\000r\000i\000b\000u\000t\000i\000o\000n\000.\000j\000a\000v\000a\000\040\000F\000i\000l\000e\000\040\000R\000e\000f\000e\000r\000e\000n\000c\000e}{chapter.7}% 309
\BOOKMARK [1][-]{section.7.3}{\376\377\0007\000.\0003\000\040\000/\000h\000o\000m\000e\000/\000e\000l\000e\000m\000e\000n\000t\000/\000P\000U\000F\000/\000K\000e\000y\000b\000o\000a\000r\000d\000/\000j\000a\000v\000a\000\137\000s\000c\000r\000i\000p\000t\000s\000/\000j\000a\000v\000a\000\137\000m\000a\000r\000c\000o\000v\000\137\000m\000o\000d\000e\000l\000/\000s\000r\000c\000/\000c\000o\000m\000p\000o\000n\000e\000n\000t\000s\000/\000T\000o\000k\000e\000n\000.\000j\000a\000v\000a\000\040\000F\000i\000l\000e\000\040\000R\000e\000f\000e\000r\000e\000n\000c\000e}{chapter.7}% 310
\BOOKMARK [1][-]{section.7.4}{\376\377\0007\000.\0004\000\040\000/\000h\000o\000m\000e\000/\000e\000l\000e\000m\000e\000n\000t\000/\000P\000U\000F\000/\000K\000e\000y\000b\000o\000a\000r\000d\000/\000j\000a\000v\000a\000\137\000s\000c\000r\000i\000p\000t\000s\000/\000j\000a\000v\000a\000\137\000m\000a\000r\000c\000o\000v\000\137\000m\000o\000d\000e\000l\000/\000s\000r\000c\000/\000c\000o\000m\000p\000o\000n\000e\000n\000t\000s\000/\000T\000o\000u\000c\000h\000.\000j\000a\000v\000a\000\040\000F\000i\000l\000e\000\040\000R\000e\000f\000e\000r\000e\000n\000c\000e}{chapter.7}% 311
\BOOKMARK [1][-]{section.7.5}{\376\377\0007\000.\0005\000\040\000/\000h\000o\000m\000e\000/\000e\000l\000e\000m\000e\000n\000t\000/\000P\000U\000F\000/\000K\000e\000y\000b\000o\000a\000r\000d\000/\000j\000a\000v\000a\000\137\000s\000c\000r\000i\000p\000t\000s\000/\000j\000a\000v\000a\000\137\000m\000a\000r\000c\000o\000v\000\137\000m\000o\000d\000e\000l\000/\000s\000r\000c\000/\000c\000o\000m\000p\000o\000n\000e\000n\000t\000s\000/\000W\000i\000n\000d\000o\000w\000.\000j\000a\000v\000a\000\040\000F\000i\000l\000e\000\040\000R\000e\000f\000e\000r\000e\000n\000c\000e}{chapter.7}% 312
\BOOKMARK [1][-]{section.7.6}{\376\377\0007\000.\0006\000\040\000/\000h\000o\000m\000e\000/\000e\000l\000e\000m\000e\000n\000t\000/\000P\000U\000F\000/\000K\000e\000y\000b\000o\000a\000r\000d\000/\000j\000a\000v\000a\000\137\000s\000c\000r\000i\000p\000t\000s\000/\000j\000a\000v\000a\000\137\000m\000a\000r\000c\000o\000v\000\137\000m\000o\000d\000e\000l\000/\000s\000r\000c\000/\000d\000a\000t\000a\000\137\000a\000n\000a\000l\000y\000s\000i\000s\000/\000M\000o\000d\000e\000l\000\137\000c\000o\000m\000p\000a\000r\000e\000.\000j\000a\000v\000a\000\040\000F\000i\000l\000e\000\040\000R\000e\000f\000e\000r\000e\000n\000c\000e}{chapter.7}% 313
\BOOKMARK [1][-]{section.7.7}{\376\377\0007\000.\0007\000\040\000/\000h\000o\000m\000e\000/\000e\000l\000e\000m\000e\000n\000t\000/\000P\000U\000F\000/\000K\000e\000y\000b\000o\000a\000r\000d\000/\000j\000a\000v\000a\000\137\000s\000c\000r\000i\000p\000t\000s\000/\000j\000a\000v\000a\000\137\000m\000a\000r\000c\000o\000v\000\137\000m\000o\000d\000e\000l\000/\000s\000r\000c\000/\000d\000a\000t\000a\000\137\000a\000n\000a\000l\000y\000s\000i\000s\000/\000M\000o\000d\000e\000l\000\137\000c\000o\000m\000p\000a\000r\000e\000\137\000t\000h\000r\000e\000a\000d\000.\000j\000a\000v\000a\000\040\000F\000i\000l\000e\000\040\000R\000e\000f\000e\000r\000e\000n\000c\000e}{chapter.7}% 314
\BOOKMARK [1][-]{section.7.8}{\376\377\0007\000.\0008\000\040\000/\000h\000o\000m\000e\000/\000e\000l\000e\000m\000e\000n\000t\000/\000P\000U\000F\000/\000K\000e\000y\000b\000o\000a\000r\000d\000/\000j\000a\000v\000a\000\137\000s\000c\000r\000i\000p\000t\000s\000/\000j\000a\000v\000a\000\137\000m\000a\000r\000c\000o\000v\000\137\000m\000o\000d\000e\000l\000/\000s\000r\000c\000/\000d\000a\000t\000a\000\137\000a\000n\000a\000l\000y\000s\000i\000s\000/\000S\000t\000a\000t\000i\000s\000t\000i\000c\000s\000.\000j\000a\000v\000a\000\040\000F\000i\000l\000e\000\040\000R\000e\000f\000e\000r\000e\000n\000c\000e}{chapter.7}% 315
\BOOKMARK [1][-]{section.7.9}{\376\377\0007\000.\0009\000\040\000/\000h\000o\000m\000e\000/\000e\000l\000e\000m\000e\000n\000t\000/\000P\000U\000F\000/\000K\000e\000y\000b\000o\000a\000r\000d\000/\000j\000a\000v\000a\000\137\000s\000c\000r\000i\000p\000t\000s\000/\000j\000a\000v\000a\000\137\000m\000a\000r\000c\000o\000v\000\137\000m\000o\000d\000e\000l\000/\000s\000r\000c\000/\000g\000u\000i\000/\000M\000a\000r\000c\000o\000v\000\137\000c\000o\000n\000s\000o\000l\000e\000\137\000p\000a\000n\000e\000l\000.\000j\000a\000v\000a\000\040\000F\000i\000l\000e\000\040\000R\000e\000f\000e\000r\000e\000n\000c\000e}{chapter.7}% 316
\BOOKMARK [1][-]{section.7.10}{\376\377\0007\000.\0001\0000\000\040\000/\000h\000o\000m\000e\000/\000e\000l\000e\000m\000e\000n\000t\000/\000P\000U\000F\000/\000K\000e\000y\000b\000o\000a\000r\000d\000/\000j\000a\000v\000a\000\137\000s\000c\000r\000i\000p\000t\000s\000/\000j\000a\000v\000a\000\137\000m\000a\000r\000c\000o\000v\000\137\000m\000o\000d\000e\000l\000/\000s\000r\000c\000/\000g\000u\000i\000/\000M\000a\000r\000c\000o\000v\000\137\000f\000i\000l\000e\000\137\000d\000i\000s\000p\000l\000a\000y\000\137\000p\000a\000n\000e\000l\000.\000j\000a\000v\000a\000\040\000F\000i\000l\000e\000\040\000R\000e\000f\000e\000r\000e\000n\000c\000e}{chapter.7}% 317
\BOOKMARK [1][-]{section.7.11}{\376\377\0007\000.\0001\0001\000\040\000/\000h\000o\000m\000e\000/\000e\000l\000e\000m\000e\000n\000t\000/\000P\000U\000F\000/\000K\000e\000y\000b\000o\000a\000r\000d\000/\000j\000a\000v\000a\000\137\000s\000c\000r\000i\000p\000t\000s\000/\000j\000a\000v\000a\000\137\000m\000a\000r\000c\000o\000v\000\137\000m\000o\000d\000e\000l\000/\000s\000r\000c\000/\000g\000u\000i\000/\000M\000a\000r\000c\000o\000v\000\137\000f\000r\000a\000m\000e\000.\000j\000a\000v\000a\000\040\000F\000i\000l\000e\000\040\000R\000e\000f\000e\000r\000e\000n\000c\000e}{chapter.7}% 318
\BOOKMARK [1][-]{section.7.12}{\376\377\0007\000.\0001\0002\000\040\000/\000h\000o\000m\000e\000/\000e\000l\000e\000m\000e\000n\000t\000/\000P\000U\000F\000/\000K\000e\000y\000b\000o\000a\000r\000d\000/\000j\000a\000v\000a\000\137\000s\000c\000r\000i\000p\000t\000s\000/\000j\000a\000v\000a\000\137\000m\000a\000r\000c\000o\000v\000\137\000m\000o\000d\000e\000l\000/\000s\000r\000c\000/\000g\000u\000i\000/\000M\000a\000r\000c\000o\000v\000\137\000o\000p\000t\000i\000o\000n\000s\000\137\000p\000a\000n\000e\000l\000.\000j\000a\000v\000a\000\040\000F\000i\000l\000e\000\040\000R\000e\000f\000e\000r\000e\000n\000c\000e}{chapter.7}% 319
\BOOKMARK [1][-]{section.7.13}{\376\377\0007\000.\0001\0003\000\040\000/\000h\000o\000m\000e\000/\000e\000l\000e\000m\000e\000n\000t\000/\000P\000U\000F\000/\000K\000e\000y\000b\000o\000a\000r\000d\000/\000j\000a\000v\000a\000\137\000s\000c\000r\000i\000p\000t\000s\000/\000j\000a\000v\000a\000\137\000m\000a\000r\000c\000o\000v\000\137\000m\000o\000d\000e\000l\000/\000s\000r\000c\000/\000g\000u\000i\000/\000S\000t\000a\000r\000t\000G\000U\000I\000.\000j\000a\000v\000a\000\040\000F\000i\000l\000e\000\040\000R\000e\000f\000e\000r\000e\000n\000c\000e}{chapter.7}% 320
\BOOKMARK [1][-]{section.7.14}{\376\377\0007\000.\0001\0004\000\040\000/\000h\000o\000m\000e\000/\000e\000l\000e\000m\000e\000n\000t\000/\000P\000U\000F\000/\000K\000e\000y\000b\000o\000a\000r\000d\000/\000j\000a\000v\000a\000\137\000s\000c\000r\000i\000p\000t\000s\000/\000j\000a\000v\000a\000\137\000m\000a\000r\000c\000o\000v\000\137\000m\000o\000d\000e\000l\000/\000s\000r\000c\000/\000j\000u\000n\000i\000t\000/\000U\000n\000i\000t\000\137\000C\000o\000m\000p\000a\000r\000e\000C\000h\000a\000i\000n\000s\000R\000a\000n\000k\000.\000j\000a\000v\000a\000\040\000F\000i\000l\000e\000\040\000R\000e\000f\000e\000r\000e\000n\000c\000e}{chapter.7}% 321
\BOOKMARK [1][-]{section.7.15}{\376\377\0007\000.\0001\0005\000\040\000/\000h\000o\000m\000e\000/\000e\000l\000e\000m\000e\000n\000t\000/\000P\000U\000F\000/\000K\000e\000y\000b\000o\000a\000r\000d\000/\000j\000a\000v\000a\000\137\000s\000c\000r\000i\000p\000t\000s\000/\000j\000a\000v\000a\000\137\000m\000a\000r\000c\000o\000v\000\137\000m\000o\000d\000e\000l\000/\000s\000r\000c\000/\000j\000u\000n\000i\000t\000/\000U\000n\000i\000t\000\137\000C\000o\000m\000p\000l\000e\000t\000e\000P\000r\000o\000b\000a\000b\000i\000l\000i\000t\000y\000.\000j\000a\000v\000a\000\040\000F\000i\000l\000e\000\040\000R\000e\000f\000e\000r\000e\000n\000c\000e}{chapter.7}% 322
\BOOKMARK [1][-]{section.7.16}{\376\377\0007\000.\0001\0006\000\040\000/\000h\000o\000m\000e\000/\000e\000l\000e\000m\000e\000n\000t\000/\000P\000U\000F\000/\000K\000e\000y\000b\000o\000a\000r\000d\000/\000j\000a\000v\000a\000\137\000s\000c\000r\000i\000p\000t\000s\000/\000j\000a\000v\000a\000\137\000m\000a\000r\000c\000o\000v\000\137\000m\000o\000d\000e\000l\000/\000s\000r\000c\000/\000r\000a\000n\000k\000/\000C\000o\000m\000p\000a\000r\000e\000C\000h\000a\000i\000n\000s\000R\000a\000n\000k\000.\000j\000a\000v\000a\000\040\000F\000i\000l\000e\000\040\000R\000e\000f\000e\000r\000e\000n\000c\000e}{chapter.7}% 323
\BOOKMARK [1][-]{section.7.17}{\376\377\0007\000.\0001\0007\000\040\000/\000h\000o\000m\000e\000/\000e\000l\000e\000m\000e\000n\000t\000/\000P\000U\000F\000/\000K\000e\000y\000b\000o\000a\000r\000d\000/\000j\000a\000v\000a\000\137\000s\000c\000r\000i\000p\000t\000s\000/\000j\000a\000v\000a\000\137\000m\000a\000r\000c\000o\000v\000\137\000m\000o\000d\000e\000l\000/\000s\000r\000c\000/\000r\000a\000n\000k\000/\000C\000o\000m\000p\000l\000e\000t\000e\000P\000r\000o\000b\000a\000b\000i\000l\000i\000t\000y\000.\000j\000a\000v\000a\000\040\000F\000i\000l\000e\000\040\000R\000e\000f\000e\000r\000e\000n\000c\000e}{chapter.7}% 324
\BOOKMARK [1][-]{section.7.18}{\376\377\0007\000.\0001\0008\000\040\000/\000h\000o\000m\000e\000/\000e\000l\000e\000m\000e\000n\000t\000/\000P\000U\000F\000/\000K\000e\000y\000b\000o\000a\000r\000d\000/\000j\000a\000v\000a\000\137\000s\000c\000r\000i\000p\000t\000s\000/\000j\000a\000v\000a\000\137\000m\000a\000r\000c\000o\000v\000\137\000m\000o\000d\000e\000l\000/\000s\000r\000c\000/\000r\000u\000n\000t\000i\000m\000e\000/\000C\000h\000a\000i\000n\000B\000u\000i\000l\000d\000e\000r\000.\000j\000a\000v\000a\000\040\000F\000i\000l\000e\000\040\000R\000e\000f\000e\000r\000e\000n\000c\000e}{chapter.7}% 325
\BOOKMARK [1][-]{section.7.19}{\376\377\0007\000.\0001\0009\000\040\000/\000h\000o\000m\000e\000/\000e\000l\000e\000m\000e\000n\000t\000/\000P\000U\000F\000/\000K\000e\000y\000b\000o\000a\000r\000d\000/\000j\000a\000v\000a\000\137\000s\000c\000r\000i\000p\000t\000s\000/\000j\000a\000v\000a\000\137\000m\000a\000r\000c\000o\000v\000\137\000m\000o\000d\000e\000l\000/\000s\000r\000c\000/\000r\000u\000n\000t\000i\000m\000e\000/\000C\000o\000m\000p\000a\000r\000e\000C\000h\000a\000i\000n\000s\000.\000j\000a\000v\000a\000\040\000F\000i\000l\000e\000\040\000R\000e\000f\000e\000r\000e\000n\000c\000e}{chapter.7}% 326
\BOOKMARK [1][-]{section.7.20}{\376\377\0007\000.\0002\0000\000\040\000/\000h\000o\000m\000e\000/\000e\000l\000e\000m\000e\000n\000t\000/\000P\000U\000F\000/\000K\000e\000y\000b\000o\000a\000r\000d\000/\000j\000a\000v\000a\000\137\000s\000c\000r\000i\000p\000t\000s\000/\000j\000a\000v\000a\000\137\000m\000a\000r\000c\000o\000v\000\137\000m\000o\000d\000e\000l\000/\000s\000r\000c\000/\000r\000u\000n\000t\000i\000m\000e\000/\000O\000p\000e\000r\000a\000t\000i\000o\000n\000\137\000t\000h\000r\000e\000a\000d\000.\000j\000a\000v\000a\000\040\000F\000i\000l\000e\000\040\000R\000e\000f\000e\000r\000e\000n\000c\000e}{chapter.7}% 327
\BOOKMARK [1][-]{section.7.21}{\376\377\0007\000.\0002\0001\000\040\000/\000h\000o\000m\000e\000/\000e\000l\000e\000m\000e\000n\000t\000/\000P\000U\000F\000/\000K\000e\000y\000b\000o\000a\000r\000d\000/\000j\000a\000v\000a\000\137\000s\000c\000r\000i\000p\000t\000s\000/\000j\000a\000v\000a\000\137\000m\000a\000r\000c\000o\000v\000\137\000m\000o\000d\000e\000l\000/\000s\000r\000c\000/\000t\000e\000s\000t\000/\000M\000a\000i\000n\000.\000j\000a\000v\000a\000\040\000F\000i\000l\000e\000\040\000R\000e\000f\000e\000r\000e\000n\000c\000e}{chapter.7}% 328
\BOOKMARK [1][-]{section.7.22}{\376\377\0007\000.\0002\0002\000\040\000/\000h\000o\000m\000e\000/\000e\000l\000e\000m\000e\000n\000t\000/\000P\000U\000F\000/\000K\000e\000y\000b\000o\000a\000r\000d\000/\000j\000a\000v\000a\000\137\000s\000c\000r\000i\000p\000t\000s\000/\000j\000a\000v\000a\000\137\000m\000a\000r\000c\000o\000v\000\137\000m\000o\000d\000e\000l\000/\000s\000r\000c\000/\000t\000e\000s\000t\000/\000P\000r\000i\000n\000t\000\137\000m\000o\000d\000e\000l\000.\000j\000a\000v\000a\000\040\000F\000i\000l\000e\000\040\000R\000e\000f\000e\000r\000e\000n\000c\000e}{chapter.7}% 329
\BOOKMARK [1][-]{section.7.23}{\376\377\0007\000.\0002\0003\000\040\000/\000h\000o\000m\000e\000/\000e\000l\000e\000m\000e\000n\000t\000/\000P\000U\000F\000/\000K\000e\000y\000b\000o\000a\000r\000d\000/\000j\000a\000v\000a\000\137\000s\000c\000r\000i\000p\000t\000s\000/\000j\000a\000v\000a\000\137\000m\000a\000r\000c\000o\000v\000\137\000m\000o\000d\000e\000l\000/\000s\000r\000c\000/\000t\000e\000s\000t\000/\000U\000n\000i\000t\000C\000o\000m\000p\000a\000r\000e\000C\000h\000a\000i\000n\000s\000R\000a\000n\000k\000.\000j\000a\000v\000a\000\040\000F\000i\000l\000e\000\040\000R\000e\000f\000e\000r\000e\000n\000c\000e}{chapter.7}% 330
\BOOKMARK [1][-]{section.7.24}{\376\377\0007\000.\0002\0004\000\040\000/\000h\000o\000m\000e\000/\000e\000l\000e\000m\000e\000n\000t\000/\000P\000U\000F\000/\000K\000e\000y\000b\000o\000a\000r\000d\000/\000j\000a\000v\000a\000\137\000s\000c\000r\000i\000p\000t\000s\000/\000j\000a\000v\000a\000\137\000m\000a\000r\000c\000o\000v\000\137\000m\000o\000d\000e\000l\000/\000s\000r\000c\000/\000t\000e\000s\000t\000/\000U\000n\000i\000t\000R\000a\000n\000k\000C\000o\000m\000p\000a\000r\000e\000.\000j\000a\000v\000a\000\040\000F\000i\000l\000e\000\040\000R\000e\000f\000e\000r\000e\000n\000c\000e}{chapter.7}% 331
\BOOKMARK [1][-]{section.7.25}{\376\377\0007\000.\0002\0005\000\040\000/\000h\000o\000m\000e\000/\000e\000l\000e\000m\000e\000n\000t\000/\000P\000U\000F\000/\000K\000e\000y\000b\000o\000a\000r\000d\000/\000j\000a\000v\000a\000\137\000s\000c\000r\000i\000p\000t\000s\000/\000j\000a\000v\000a\000\137\000m\000a\000r\000c\000o\000v\000\137\000m\000o\000d\000e\000l\000/\000s\000r\000c\000/\000t\000e\000s\000t\000/\000U\000t\000i\000l\000i\000t\000i\000e\000s\000.\000j\000a\000v\000a\000\040\000F\000i\000l\000e\000\040\000R\000e\000f\000e\000r\000e\000n\000c\000e}{chapter.7}% 332
\BOOKMARK [1][-]{section.7.26}{\376\377\0007\000.\0002\0006\000\040\000/\000h\000o\000m\000e\000/\000e\000l\000e\000m\000e\000n\000t\000/\000P\000U\000F\000/\000K\000e\000y\000b\000o\000a\000r\000d\000/\000j\000a\000v\000a\000\137\000s\000c\000r\000i\000p\000t\000s\000/\000j\000a\000v\000a\000\137\000m\000a\000r\000c\000o\000v\000\137\000m\000o\000d\000e\000l\000/\000s\000r\000c\000/\000t\000r\000i\000e\000/\000T\000r\000i\000e\000.\000j\000a\000v\000a\000\040\000F\000i\000l\000e\000\040\000R\000e\000f\000e\000r\000e\000n\000c\000e}{chapter.7}% 333
\BOOKMARK [1][-]{section.7.27}{\376\377\0007\000.\0002\0007\000\040\000/\000h\000o\000m\000e\000/\000e\000l\000e\000m\000e\000n\000t\000/\000P\000U\000F\000/\000K\000e\000y\000b\000o\000a\000r\000d\000/\000j\000a\000v\000a\000\137\000s\000c\000r\000i\000p\000t\000s\000/\000j\000a\000v\000a\000\137\000m\000a\000r\000c\000o\000v\000\137\000m\000o\000d\000e\000l\000/\000s\000r\000c\000/\000t\000r\000i\000e\000/\000T\000r\000i\000e\000L\000i\000s\000t\000.\000j\000a\000v\000a\000\040\000F\000i\000l\000e\000\040\000R\000e\000f\000e\000r\000e\000n\000c\000e}{chapter.7}% 334
\BOOKMARK [0][-]{section*.117}{\376\377\000I\000n\000d\000e\000x}{}% 335
